#
# There is insufficient memory for the Java Runtime Environment to continue.
# Native memory allocation (malloc) failed to allocate 1646896 bytes for Chunk::new
# Possible reasons:
#   The system is out of physical RAM or swap space
#   The process is running with CompressedOops enabled, and the Java Heap may be blocking the growth of the native heap
# Possible solutions:
#   Reduce memory load on the system
#   Increase physical memory or swap space
#   Check if swap backing store is full
#   Decrease Java heap size (-Xmx/-Xms)
#   Decrease number of Java threads
#   Decrease Java thread stack sizes (-Xss)
#   Set larger code cache with -XX:ReservedCodeCacheSize=
#   JVM is running with Unscaled Compressed Oops mode in which the Java heap is
#     placed in the first 4GB address space. The Java Heap base address is the
#     maximum limit for the native heap growth. Please use -XX:HeapBaseMinAddress
#     to set the Java Heap base and to place the Java Heap above 4GB virtual address.
# This output file may be truncated or incomplete.
#
#  Out of Memory Error (t:/workspace/open/src/hotspot/share/memory/arena.cpp:197), pid=10192, tid=12652
#
# JRE version: Java(TM) SE Runtime Environment (11.0.2+9) (build 11.0.2+9-LTS)
# Java VM: Java HotSpot(TM) 64-Bit Server VM (11.0.2+9-LTS, mixed mode, tiered, compressed oops, g1 gc, windows-amd64)
# No core dump will be written. Minidumps are not enabled by default on client versions of Windows
#

---------------  S U M M A R Y ------------

Command Line: --add-opens=java.base/java.util=ALL-UNNAMED --add-opens=java.base/java.lang=ALL-UNNAMED --add-opens=java.base/java.lang.invoke=ALL-UNNAMED --add-opens=java.prefs/java.util.prefs=ALL-UNNAMED -XX:MaxMetaspaceSize=256m -XX:+HeapDumpOnOutOfMemoryError -Xms256m -Xmx512m -Dfile.encoding=windows-1252 -Duser.country=US -Duser.language=en -Duser.variant org.gradle.launcher.daemon.bootstrap.GradleDaemon 5.4

Host: Intel(R) Core(TM) i7-4510U CPU @ 2.00GHz, 4 cores, 7G,  Windows 10 , 64 bit Build 10586 (10.0.10586.0)
Time: Thu May  2 02:51:27 2019 SE Asia Standard Time elapsed time: 34 seconds (0d 0h 0m 34s)

---------------  T H R E A D  ---------------

Current thread (0x000002346fb6c800):  JavaThread "C2 CompilerThread0" daemon [_thread_in_native, id=12652, stack(0x00000052e4e00000,0x00000052e4f00000)]


Current CompileTask:
C2:  34544 8839 % !   4       java.util.jar.Attributes::read @ 185 (388 bytes)

Stack: [0x00000052e4e00000,0x00000052e4f00000]
Native frames: (J=compiled Java code, j=interpreted, Vv=VM code, C=native code)
V  [jvm.dll+0x63574a]
V  [jvm.dll+0x77326f]
V  [jvm.dll+0x77491a]
V  [jvm.dll+0x774fd3]
V  [jvm.dll+0x25e418]
V  [jvm.dll+0xc2141]
V  [jvm.dll+0xc26dc]
V  [jvm.dll+0x36d7b7]
V  [jvm.dll+0x33a8b3]
V  [jvm.dll+0x339c8a]
V  [jvm.dll+0x218245]
V  [jvm.dll+0x2173ea]
V  [jvm.dll+0x194200]
V  [jvm.dll+0x2263af]
V  [jvm.dll+0x2249b8]
V  [jvm.dll+0x738a9d]
V  [jvm.dll+0x6347f2]
C  [ucrtbase.dll+0x6be1d]
C  [KERNEL32.DLL+0x18102]
C  [ntdll.dll+0x5c5b4]


---------------  P R O C E S S  ---------------

Threads class SMR info:
_java_thread_list=0x0000023475c49c00, length=41, elements={
0x000002345314c000, 0x000002346fb48800, 0x000002346fb51800, 0x000002346fb68800,
0x000002346fb6b800, 0x000002346fb6c800, 0x000002346fb6e000, 0x0000023470471000,
0x00000234705c2000, 0x0000023470653000, 0x0000023470ecf000, 0x0000023471ba3800,
0x0000023471dc1800, 0x0000023471dc7000, 0x0000023471dcb800, 0x0000023472035000,
0x0000023472037800, 0x0000023472038800, 0x0000023476660800, 0x000002347665f800,
0x0000023476665800, 0x0000023476667800, 0x0000023476662000, 0x0000023476663000,
0x000002347665d000, 0x0000023476663800, 0x000002347665e000, 0x0000023476666000,
0x0000023476664800, 0x0000023476667000, 0x0000023476661000, 0x000002347666c000,
0x0000023476668800, 0x000002347666b000, 0x000002347203a000, 0x000002347203b000,
0x000002347203b800, 0x000002347468c000, 0x000002347468f800, 0x000002347468e800,
0x0000023474690800
}

Java Threads: ( => current thread )
  0x000002345314c000 JavaThread "main" [_thread_blocked, id=1584, stack(0x00000052e4300000,0x00000052e4400000)]
  0x000002346fb48800 JavaThread "Reference Handler" daemon [_thread_blocked, id=13168, stack(0x00000052e4a00000,0x00000052e4b00000)]
  0x000002346fb51800 JavaThread "Finalizer" daemon [_thread_blocked, id=3004, stack(0x00000052e4b00000,0x00000052e4c00000)]
  0x000002346fb68800 JavaThread "Signal Dispatcher" daemon [_thread_blocked, id=11296, stack(0x00000052e4c00000,0x00000052e4d00000)]
  0x000002346fb6b800 JavaThread "Attach Listener" daemon [_thread_blocked, id=12100, stack(0x00000052e4d00000,0x00000052e4e00000)]
=>0x000002346fb6c800 JavaThread "C2 CompilerThread0" daemon [_thread_in_native, id=12652, stack(0x00000052e4e00000,0x00000052e4f00000)]
  0x000002346fb6e000 JavaThread "C1 CompilerThread0" daemon [_thread_blocked, id=3788, stack(0x00000052e4f00000,0x00000052e5000000)]
  0x0000023470471000 JavaThread "Sweeper thread" daemon [_thread_blocked, id=12892, stack(0x00000052e5000000,0x00000052e5100000)]
  0x00000234705c2000 JavaThread "Common-Cleaner" daemon [_thread_blocked, id=11692, stack(0x00000052e5100000,0x00000052e5200000)]
  0x0000023470653000 JavaThread "Service Thread" daemon [_thread_blocked, id=13144, stack(0x00000052e5200000,0x00000052e5300000)]
  0x0000023470ecf000 JavaThread "Daemon health stats" [_thread_blocked, id=11064, stack(0x00000052e5900000,0x00000052e5a00000)]
  0x0000023471ba3800 JavaThread "Incoming local TCP Connector on port 53966" [_thread_in_native, id=4888, stack(0x00000052e5a00000,0x00000052e5b00000)]
  0x0000023471dc1800 JavaThread "Daemon periodic checks" [_thread_blocked, id=12992, stack(0x00000052e5b00000,0x00000052e5c00000)]
  0x0000023471dc7000 JavaThread "Daemon" [_thread_blocked, id=5544, stack(0x00000052e5c00000,0x00000052e5d00000)]
  0x0000023471dcb800 JavaThread "Daemon worker" [_thread_in_native, id=9228, stack(0x00000052e5f00000,0x00000052e6000000)]
  0x0000023472035000 JavaThread "Cache worker for file hash cache (C:\Users\M. Kharisma Ramadhan\.gradle\caches\5.4\fileHashes)" [_thread_blocked, id=5624, stack(0x00000052e6300000,0x00000052e6400000)]
  0x0000023472037800 JavaThread "File lock request listener" [_thread_in_native, id=5968, stack(0x00000052e6400000,0x00000052e6500000)]
  0x0000023472038800 JavaThread "Cache worker for journal cache (C:\Users\M. Kharisma Ramadhan\.gradle\caches\journal-1)" [_thread_blocked, id=4168, stack(0x00000052e6500000,0x00000052e6600000)]
  0x0000023476660800 JavaThread "Cache worker for execution history cache (C:\Users\M. Kharisma Ramadhan\.gradle\caches\5.4\executionHistory)" [_thread_blocked, id=10140, stack(0x00000052e6b00000,0x00000052e6c00000)]
  0x000002347665f800 JavaThread "Memory manager" [_thread_blocked, id=11040, stack(0x00000052e7300000,0x00000052e7400000)]
  0x0000023476665800 JavaThread "Cache worker for file content cache (C:\Users\M. Kharisma Ramadhan\.gradle\caches\5.4\fileContent)" [_thread_blocked, id=1860, stack(0x00000052e7400000,0x00000052e7500000)]
  0x0000023476667800 JavaThread "Cache worker for Java compile cache (C:\Users\M. Kharisma Ramadhan\.gradle\caches\5.4\javaCompile)" [_thread_blocked, id=8908, stack(0x00000052e7f00000,0x00000052e8000000)]
  0x0000023476662000 JavaThread "Handler for socket connection from /127.0.0.1:53966 to /127.0.0.1:53985" [_thread_in_native, id=12800, stack(0x00000052e8300000,0x00000052e8400000)]
  0x0000023476663000 JavaThread "Cancel handler" [_thread_blocked, id=7868, stack(0x00000052e8400000,0x00000052e8500000)]
  0x000002347665d000 JavaThread "Asynchronous log dispatcher for DefaultDaemonConnection: socket connection from /127.0.0.1:53966 to /127.0.0.1:53985" [_thread_blocked, id=9676, stack(0x00000052e8500000,0x00000052e8600000)]
  0x0000023476663800 JavaThread "Stdin handler" [_thread_blocked, id=4736, stack(0x00000052e8600000,0x00000052e8700000)]
  0x000002347665e000 JavaThread "Thread-34" [_thread_blocked, id=12016, stack(0x00000052e8700000,0x00000052e8800000)]
  0x0000023476666000 JavaThread "Cache worker for file hash cache (C:\Users\M. Kharisma Ramadhan\Documents\GitHub\jstore\.gradle\5.4\fileHashes)" [_thread_blocked, id=9500, stack(0x00000052e8800000,0x00000052e8900000)]
  0x0000023476664800 JavaThread "Cache worker for cache directory md-supplier (C:\Users\M. Kharisma Ramadhan\.gradle\caches\5.4\md-supplier)" [_thread_blocked, id=11024, stack(0x00000052e8900000,0x00000052e8a00000)]
  0x0000023476667000 JavaThread "Cache worker for cache directory md-rule (C:\Users\M. Kharisma Ramadhan\.gradle\caches\5.4\md-rule)" [_thread_blocked, id=9564, stack(0x00000052e8a00000,0x00000052e8b00000)]
  0x0000023476661000 JavaThread "Build operations" [_thread_blocked, id=4240, stack(0x00000052e8c00000,0x00000052e8d00000)]
  0x000002347666c000 JavaThread "Build operations Thread 2" [_thread_blocked, id=12976, stack(0x00000052e8d00000,0x00000052e8e00000)]
  0x0000023476668800 JavaThread "Build operations Thread 3" [_thread_blocked, id=3480, stack(0x00000052e8e00000,0x00000052e8f00000)]
  0x000002347666b000 JavaThread "Build operations Thread 4" [_thread_blocked, id=608, stack(0x00000052e8f00000,0x00000052e9000000)]
  0x000002347203a000 JavaThread "Cache worker for Build Output Cleanup Cache (C:\Users\M. Kharisma Ramadhan\Documents\GitHub\jstore\.gradle\buildOutputCleanup)" [_thread_blocked, id=9884, stack(0x00000052e9000000,0x00000052e9100000)]
  0x000002347203b000 JavaThread "Cache worker for file content cache (C:\Users\M. Kharisma Ramadhan\Documents\GitHub\jstore\.gradle\5.4\fileContent)" [_thread_blocked, id=1280, stack(0x00000052e9100000,0x00000052e9200000)]
  0x000002347203b800 JavaThread "Execution worker for ':'" [_thread_blocked, id=9472, stack(0x00000052e9200000,0x00000052e9300000)]
  0x000002347468c000 JavaThread "Execution worker for ':' Thread 2" [_thread_blocked, id=9968, stack(0x00000052e9300000,0x00000052e9400000)]
  0x000002347468f800 JavaThread "Execution worker for ':' Thread 3" [_thread_blocked, id=12924, stack(0x00000052e9400000,0x00000052e9500000)]
  0x000002347468e800 JavaThread "Cache worker for execution history cache (C:\Users\M. Kharisma Ramadhan\Documents\GitHub\jstore\.gradle\5.4\executionHistory)" [_thread_blocked, id=3852, stack(0x00000052e9500000,0x00000052e9600000)]
  0x0000023474690800 JavaThread "Cache worker for Java compile cache (C:\Users\M. Kharisma Ramadhan\Documents\GitHub\jstore\.gradle\5.4\javaCompile)" [_thread_blocked, id=2460, stack(0x00000052e9a00000,0x00000052e9b00000)]

Other Threads:
  0x000002346faff800 VMThread "VM Thread" [stack: 0x00000052e4900000,0x00000052e4a00000] [id=10144]
  0x0000023470658000 WatcherThread [stack: 0x00000052e5300000,0x00000052e5400000] [id=10356]
  0x0000023453160800 GCTaskThread "GC Thread#0" [stack: 0x00000052e4400000,0x00000052e4500000] [id=10264]
  0x0000023470bbd800 GCTaskThread "GC Thread#1" [stack: 0x00000052e5400000,0x00000052e5500000] [id=12676]
  0x0000023470d47000 GCTaskThread "GC Thread#2" [stack: 0x00000052e5500000,0x00000052e5600000] [id=11132]
  0x0000023470f60000 GCTaskThread "GC Thread#3" [stack: 0x00000052e5600000,0x00000052e5700000] [id=216]
  0x0000023453172800 ConcurrentGCThread "G1 Main Marker" [stack: 0x00000052e4500000,0x00000052e4600000] [id=9056]
  0x0000023453174000 ConcurrentGCThread "G1 Conc#0" [stack: 0x00000052e4600000,0x00000052e4700000] [id=5376]
  0x000002345323d800 ConcurrentGCThread "G1 Refine#0" [stack: 0x00000052e4700000,0x00000052e4800000] [id=9024]
  0x000002346f9a0800 ConcurrentGCThread "G1 Young RemSet Sampling" [stack: 0x00000052e4800000,0x00000052e4900000] [id=5292]

Threads with active compile tasks:
C2 CompilerThread08839 % !   4       java.util.jar.Attributes::read @ 185 (388 bytes)

VM state:not at safepoint (normal execution)

VM Mutex/Monitor currently owned by a thread: None

Heap address: 0x00000000e0000000, size: 512 MB, Compressed Oops mode: 32-bit
Narrow klass base: 0x0000000000000000, Narrow klass shift: 3
Compressed class space size: 260046848 Address: 0x0000000100000000

Heap:
 garbage-first heap   total 262144K, used 89057K [0x00000000e0000000, 0x0000000100000000)
  region size 1024K, 50 young (51200K), 12 survivors (12288K)
 Metaspace       used 60832K, capacity 62073K, committed 62288K, reserved 309248K
  class space    used 7606K, capacity 7971K, committed 8060K, reserved 253952K
Heap Regions: E=young(eden), S=young(survivor), O=old, HS=humongous(starts), HC=humongous(continues), CS=collection set, F=free, A=archive, TAMS=top-at-mark-start (previous, next)
|   0|0x00000000e0000000, 0x00000000e0100000, 0x00000000e0100000|100%| O|  |TAMS 0x00000000e0100000, 0x00000000e0000000| Untracked 
|   1|0x00000000e0100000, 0x00000000e0200000, 0x00000000e0200000|100%| O|  |TAMS 0x00000000e0200000, 0x00000000e0100000| Untracked 
|   2|0x00000000e0200000, 0x00000000e0300000, 0x00000000e0300000|100%|HS|  |TAMS 0x00000000e0300000, 0x00000000e0200000| Complete 
|   3|0x00000000e0300000, 0x00000000e0400000, 0x00000000e0400000|100%|HS|  |TAMS 0x00000000e0400000, 0x00000000e0300000| Complete 
|   4|0x00000000e0400000, 0x00000000e0500000, 0x00000000e0500000|100%|HC|  |TAMS 0x00000000e0500000, 0x00000000e0400000| Complete 
|   5|0x00000000e0500000, 0x00000000e0600000, 0x00000000e0600000|100%| O|  |TAMS 0x00000000e0600000, 0x00000000e0500000| Untracked 
|   6|0x00000000e0600000, 0x00000000e0700000, 0x00000000e0700000|100%| O|  |TAMS 0x00000000e0700000, 0x00000000e0600000| Untracked 
|   7|0x00000000e0700000, 0x00000000e0800000, 0x00000000e0800000|100%| O|  |TAMS 0x00000000e0800000, 0x00000000e0700000| Untracked 
|   8|0x00000000e0800000, 0x00000000e0900000, 0x00000000e0900000|100%| O|  |TAMS 0x00000000e0900000, 0x00000000e0800000| Untracked 
|   9|0x00000000e0900000, 0x00000000e0a00000, 0x00000000e0a00000|100%| O|  |TAMS 0x00000000e0a00000, 0x00000000e0900000| Untracked 
|  10|0x00000000e0a00000, 0x00000000e0b00000, 0x00000000e0b00000|100%| O|  |TAMS 0x00000000e0b00000, 0x00000000e0a00000| Untracked 
|  11|0x00000000e0b00000, 0x00000000e0c00000, 0x00000000e0c00000|100%| O|  |TAMS 0x00000000e0c00000, 0x00000000e0b00000| Untracked 
|  12|0x00000000e0c00000, 0x00000000e0d00000, 0x00000000e0d00000|100%| O|  |TAMS 0x00000000e0d00000, 0x00000000e0c00000| Untracked 
|  13|0x00000000e0d00000, 0x00000000e0e00000, 0x00000000e0e00000|100%| O|  |TAMS 0x00000000e0e00000, 0x00000000e0d00000| Untracked 
|  14|0x00000000e0e00000, 0x00000000e0f00000, 0x00000000e0f00000|100%| O|  |TAMS 0x00000000e0f00000, 0x00000000e0e00000| Untracked 
|  15|0x00000000e0f00000, 0x00000000e1000000, 0x00000000e1000000|100%| O|  |TAMS 0x00000000e1000000, 0x00000000e0f00000| Untracked 
|  16|0x00000000e1000000, 0x00000000e1100000, 0x00000000e1100000|100%| O|  |TAMS 0x00000000e1100000, 0x00000000e1000000| Untracked 
|  17|0x00000000e1100000, 0x00000000e1200000, 0x00000000e1200000|100%| O|  |TAMS 0x00000000e1200000, 0x00000000e1100000| Untracked 
|  18|0x00000000e1200000, 0x00000000e1300000, 0x00000000e1300000|100%| O|  |TAMS 0x00000000e1300000, 0x00000000e1200000| Untracked 
|  19|0x00000000e1300000, 0x00000000e1400000, 0x00000000e1400000|100%| O|  |TAMS 0x00000000e1400000, 0x00000000e1300000| Untracked 
|  20|0x00000000e1400000, 0x00000000e1500000, 0x00000000e1500000|100%| O|  |TAMS 0x00000000e1500000, 0x00000000e1400000| Untracked 
|  21|0x00000000e1500000, 0x00000000e1600000, 0x00000000e1600000|100%| O|  |TAMS 0x00000000e1600000, 0x00000000e1500000| Untracked 
|  22|0x00000000e1600000, 0x00000000e1700000, 0x00000000e1700000|100%| O|  |TAMS 0x00000000e1700000, 0x00000000e1600000| Untracked 
|  23|0x00000000e1700000, 0x00000000e1800000, 0x00000000e1800000|100%| O|  |TAMS 0x00000000e17cc400, 0x00000000e1700000| Untracked 
|  24|0x00000000e1800000, 0x00000000e1900000, 0x00000000e1900000|100%| O|  |TAMS 0x00000000e1800000, 0x00000000e1800000| Untracked 
|  25|0x00000000e1900000, 0x00000000e1a00000, 0x00000000e1a00000|100%| O|  |TAMS 0x00000000e1900000, 0x00000000e1900000| Untracked 
|  26|0x00000000e1a00000, 0x00000000e1b00000, 0x00000000e1b00000|100%| O|  |TAMS 0x00000000e1a00000, 0x00000000e1a00000| Untracked 
|  27|0x00000000e1b00000, 0x00000000e1c00000, 0x00000000e1c00000|100%| O|  |TAMS 0x00000000e1b00000, 0x00000000e1b00000| Untracked 
|  28|0x00000000e1c00000, 0x00000000e1d00000, 0x00000000e1d00000|100%| O|  |TAMS 0x00000000e1c00000, 0x00000000e1c00000| Untracked 
|  29|0x00000000e1d00000, 0x00000000e1e00000, 0x00000000e1e00000|100%| O|  |TAMS 0x00000000e1d00000, 0x00000000e1d00000| Untracked 
|  30|0x00000000e1e00000, 0x00000000e1f00000, 0x00000000e1f00000|100%| O|  |TAMS 0x00000000e1e00000, 0x00000000e1e00000| Untracked 
|  31|0x00000000e1f00000, 0x00000000e2000000, 0x00000000e2000000|100%| O|  |TAMS 0x00000000e1f00000, 0x00000000e1f00000| Untracked 
|  32|0x00000000e2000000, 0x00000000e2100000, 0x00000000e2100000|100%| O|  |TAMS 0x00000000e2000000, 0x00000000e2000000| Untracked 
|  33|0x00000000e2100000, 0x00000000e2200000, 0x00000000e2200000|100%| O|  |TAMS 0x00000000e2100000, 0x00000000e2100000| Untracked 
|  34|0x00000000e2200000, 0x00000000e2300000, 0x00000000e2300000|100%| O|  |TAMS 0x00000000e2200000, 0x00000000e2200000| Untracked 
|  35|0x00000000e2300000, 0x00000000e2400000, 0x00000000e2400000|100%| O|  |TAMS 0x00000000e2300000, 0x00000000e2300000| Untracked 
|  36|0x00000000e2400000, 0x00000000e2500000, 0x00000000e2500000|100%| O|  |TAMS 0x00000000e2400000, 0x00000000e2400000| Untracked 
|  37|0x00000000e2500000, 0x00000000e25f8600, 0x00000000e2600000| 97%| O|  |TAMS 0x00000000e2500000, 0x00000000e2500000| Untracked 
|  38|0x00000000e2600000, 0x00000000e2600000, 0x00000000e2700000|  0%| F|  |TAMS 0x00000000e2600000, 0x00000000e2600000| Untracked 
|  39|0x00000000e2700000, 0x00000000e2700000, 0x00000000e2800000|  0%| F|  |TAMS 0x00000000e2700000, 0x00000000e2700000| Untracked 
|  40|0x00000000e2800000, 0x00000000e2800000, 0x00000000e2900000|  0%| F|  |TAMS 0x00000000e2800000, 0x00000000e2800000| Untracked 
|  41|0x00000000e2900000, 0x00000000e2900000, 0x00000000e2a00000|  0%| F|  |TAMS 0x00000000e2900000, 0x00000000e2900000| Untracked 
|  42|0x00000000e2a00000, 0x00000000e2a00000, 0x00000000e2b00000|  0%| F|  |TAMS 0x00000000e2a00000, 0x00000000e2a00000| Untracked 
|  43|0x00000000e2b00000, 0x00000000e2b00000, 0x00000000e2c00000|  0%| F|  |TAMS 0x00000000e2b00000, 0x00000000e2b00000| Untracked 
|  44|0x00000000e2c00000, 0x00000000e2c00000, 0x00000000e2d00000|  0%| F|  |TAMS 0x00000000e2c00000, 0x00000000e2c00000| Untracked 
|  45|0x00000000e2d00000, 0x00000000e2d00000, 0x00000000e2e00000|  0%| F|  |TAMS 0x00000000e2d00000, 0x00000000e2d00000| Untracked 
|  46|0x00000000e2e00000, 0x00000000e2e00000, 0x00000000e2f00000|  0%| F|  |TAMS 0x00000000e2e00000, 0x00000000e2e00000| Untracked 
|  47|0x00000000e2f00000, 0x00000000e2f00000, 0x00000000e3000000|  0%| F|  |TAMS 0x00000000e2f00000, 0x00000000e2f00000| Untracked 
|  48|0x00000000e3000000, 0x00000000e3000000, 0x00000000e3100000|  0%| F|  |TAMS 0x00000000e3000000, 0x00000000e3000000| Untracked 
|  49|0x00000000e3100000, 0x00000000e3100000, 0x00000000e3200000|  0%| F|  |TAMS 0x00000000e3100000, 0x00000000e3100000| Untracked 
|  50|0x00000000e3200000, 0x00000000e3200000, 0x00000000e3300000|  0%| F|  |TAMS 0x00000000e3200000, 0x00000000e3200000| Untracked 
|  51|0x00000000e3300000, 0x00000000e3300000, 0x00000000e3400000|  0%| F|  |TAMS 0x00000000e3300000, 0x00000000e3300000| Untracked 
|  52|0x00000000e3400000, 0x00000000e3400000, 0x00000000e3500000|  0%| F|  |TAMS 0x00000000e3400000, 0x00000000e3400000| Untracked 
|  53|0x00000000e3500000, 0x00000000e3500000, 0x00000000e3600000|  0%| F|  |TAMS 0x00000000e3500000, 0x00000000e3500000| Untracked 
|  54|0x00000000e3600000, 0x00000000e3600000, 0x00000000e3700000|  0%| F|  |TAMS 0x00000000e3600000, 0x00000000e3600000| Untracked 
|  55|0x00000000e3700000, 0x00000000e3700000, 0x00000000e3800000|  0%| F|  |TAMS 0x00000000e3700000, 0x00000000e3700000| Untracked 
|  56|0x00000000e3800000, 0x00000000e3800000, 0x00000000e3900000|  0%| F|  |TAMS 0x00000000e3800000, 0x00000000e3800000| Untracked 
|  57|0x00000000e3900000, 0x00000000e3900000, 0x00000000e3a00000|  0%| F|  |TAMS 0x00000000e3900000, 0x00000000e3900000| Untracked 
|  58|0x00000000e3a00000, 0x00000000e3a00000, 0x00000000e3b00000|  0%| F|  |TAMS 0x00000000e3a00000, 0x00000000e3a00000| Untracked 
|  59|0x00000000e3b00000, 0x00000000e3b00000, 0x00000000e3c00000|  0%| F|  |TAMS 0x00000000e3b00000, 0x00000000e3b00000| Untracked 
|  60|0x00000000e3c00000, 0x00000000e3c00000, 0x00000000e3d00000|  0%| F|  |TAMS 0x00000000e3c00000, 0x00000000e3c00000| Untracked 
|  61|0x00000000e3d00000, 0x00000000e3d00000, 0x00000000e3e00000|  0%| F|  |TAMS 0x00000000e3d00000, 0x00000000e3d00000| Untracked 
|  62|0x00000000e3e00000, 0x00000000e3e00000, 0x00000000e3f00000|  0%| F|  |TAMS 0x00000000e3e00000, 0x00000000e3e00000| Untracked 
|  63|0x00000000e3f00000, 0x00000000e3f00000, 0x00000000e4000000|  0%| F|  |TAMS 0x00000000e3f00000, 0x00000000e3f00000| Untracked 
|  64|0x00000000e4000000, 0x00000000e4000000, 0x00000000e4100000|  0%| F|  |TAMS 0x00000000e4000000, 0x00000000e4000000| Untracked 
|  65|0x00000000e4100000, 0x00000000e4100000, 0x00000000e4200000|  0%| F|  |TAMS 0x00000000e4100000, 0x00000000e4100000| Untracked 
|  66|0x00000000e4200000, 0x00000000e4200000, 0x00000000e4300000|  0%| F|  |TAMS 0x00000000e4200000, 0x00000000e4200000| Untracked 
|  67|0x00000000e4300000, 0x00000000e4300000, 0x00000000e4400000|  0%| F|  |TAMS 0x00000000e4300000, 0x00000000e4300000| Untracked 
|  68|0x00000000e4400000, 0x00000000e4400000, 0x00000000e4500000|  0%| F|  |TAMS 0x00000000e4400000, 0x00000000e4400000| Untracked 
|  69|0x00000000e4500000, 0x00000000e4500000, 0x00000000e4600000|  0%| F|  |TAMS 0x00000000e4500000, 0x00000000e4500000| Untracked 
|  70|0x00000000e4600000, 0x00000000e4600000, 0x00000000e4700000|  0%| F|  |TAMS 0x00000000e4600000, 0x00000000e4600000| Untracked 
|  71|0x00000000e4700000, 0x00000000e4700000, 0x00000000e4800000|  0%| F|  |TAMS 0x00000000e4700000, 0x00000000e4700000| Untracked 
|  72|0x00000000e4800000, 0x00000000e4800000, 0x00000000e4900000|  0%| F|  |TAMS 0x00000000e4800000, 0x00000000e4800000| Untracked 
|  73|0x00000000e4900000, 0x00000000e4900000, 0x00000000e4a00000|  0%| F|  |TAMS 0x00000000e4900000, 0x00000000e4900000| Untracked 
|  74|0x00000000e4a00000, 0x00000000e4a00000, 0x00000000e4b00000|  0%| F|  |TAMS 0x00000000e4a00000, 0x00000000e4a00000| Untracked 
|  75|0x00000000e4b00000, 0x00000000e4b00000, 0x00000000e4c00000|  0%| F|  |TAMS 0x00000000e4b00000, 0x00000000e4b00000| Untracked 
|  76|0x00000000e4c00000, 0x00000000e4c00000, 0x00000000e4d00000|  0%| F|  |TAMS 0x00000000e4c00000, 0x00000000e4c00000| Untracked 
|  77|0x00000000e4d00000, 0x00000000e4d00000, 0x00000000e4e00000|  0%| F|  |TAMS 0x00000000e4d00000, 0x00000000e4d00000| Untracked 
|  78|0x00000000e4e00000, 0x00000000e4e00000, 0x00000000e4f00000|  0%| F|  |TAMS 0x00000000e4e00000, 0x00000000e4e00000| Untracked 
|  79|0x00000000e4f00000, 0x00000000e4f00000, 0x00000000e5000000|  0%| F|  |TAMS 0x00000000e4f00000, 0x00000000e4f00000| Untracked 
|  80|0x00000000e5000000, 0x00000000e5000000, 0x00000000e5100000|  0%| F|  |TAMS 0x00000000e5000000, 0x00000000e5000000| Untracked 
|  81|0x00000000e5100000, 0x00000000e5100000, 0x00000000e5200000|  0%| F|  |TAMS 0x00000000e5100000, 0x00000000e5100000| Untracked 
|  82|0x00000000e5200000, 0x00000000e5200000, 0x00000000e5300000|  0%| F|  |TAMS 0x00000000e5200000, 0x00000000e5200000| Untracked 
|  83|0x00000000e5300000, 0x00000000e5300000, 0x00000000e5400000|  0%| F|  |TAMS 0x00000000e5300000, 0x00000000e5300000| Untracked 
|  84|0x00000000e5400000, 0x00000000e5400000, 0x00000000e5500000|  0%| F|  |TAMS 0x00000000e5400000, 0x00000000e5400000| Untracked 
|  85|0x00000000e5500000, 0x00000000e5500000, 0x00000000e5600000|  0%| F|  |TAMS 0x00000000e5500000, 0x00000000e5500000| Untracked 
|  86|0x00000000e5600000, 0x00000000e5600000, 0x00000000e5700000|  0%| F|  |TAMS 0x00000000e5600000, 0x00000000e5600000| Untracked 
|  87|0x00000000e5700000, 0x00000000e5700000, 0x00000000e5800000|  0%| F|  |TAMS 0x00000000e5700000, 0x00000000e5700000| Untracked 
|  88|0x00000000e5800000, 0x00000000e5800000, 0x00000000e5900000|  0%| F|  |TAMS 0x00000000e5800000, 0x00000000e5800000| Untracked 
|  89|0x00000000e5900000, 0x00000000e5900000, 0x00000000e5a00000|  0%| F|  |TAMS 0x00000000e5900000, 0x00000000e5900000| Untracked 
|  90|0x00000000e5a00000, 0x00000000e5a00000, 0x00000000e5b00000|  0%| F|  |TAMS 0x00000000e5a00000, 0x00000000e5a00000| Untracked 
|  91|0x00000000e5b00000, 0x00000000e5c00000, 0x00000000e5c00000|100%| S|CS|TAMS 0x00000000e5b00000, 0x00000000e5b00000| Complete 
|  92|0x00000000e5c00000, 0x00000000e5d00000, 0x00000000e5d00000|100%| S|CS|TAMS 0x00000000e5c00000, 0x00000000e5c00000| Complete 
|  93|0x00000000e5d00000, 0x00000000e5e00000, 0x00000000e5e00000|100%| S|CS|TAMS 0x00000000e5d00000, 0x00000000e5d00000| Complete 
|  94|0x00000000e5e00000, 0x00000000e5f00000, 0x00000000e5f00000|100%| S|CS|TAMS 0x00000000e5e00000, 0x00000000e5e00000| Complete 
|  95|0x00000000e5f00000, 0x00000000e6000000, 0x00000000e6000000|100%| S|CS|TAMS 0x00000000e5f00000, 0x00000000e5f00000| Complete 
|  96|0x00000000e6000000, 0x00000000e6100000, 0x00000000e6100000|100%| S|CS|TAMS 0x00000000e6000000, 0x00000000e6000000| Complete 
|  97|0x00000000e6100000, 0x00000000e6200000, 0x00000000e6200000|100%| S|CS|TAMS 0x00000000e6100000, 0x00000000e6100000| Complete 
|  98|0x00000000e6200000, 0x00000000e6300000, 0x00000000e6300000|100%| S|CS|TAMS 0x00000000e6200000, 0x00000000e6200000| Complete 
|  99|0x00000000e6300000, 0x00000000e6400000, 0x00000000e6400000|100%| S|CS|TAMS 0x00000000e6300000, 0x00000000e6300000| Complete 
| 100|0x00000000e6400000, 0x00000000e6500000, 0x00000000e6500000|100%| S|CS|TAMS 0x00000000e6400000, 0x00000000e6400000| Complete 
| 101|0x00000000e6500000, 0x00000000e6600000, 0x00000000e6600000|100%| S|CS|TAMS 0x00000000e6500000, 0x00000000e6500000| Complete 
| 102|0x00000000e6600000, 0x00000000e6700000, 0x00000000e6700000|100%| S|CS|TAMS 0x00000000e6600000, 0x00000000e6600000| Complete 
| 103|0x00000000e6700000, 0x00000000e6700000, 0x00000000e6800000|  0%| F|  |TAMS 0x00000000e6700000, 0x00000000e6700000| Untracked 
| 104|0x00000000e6800000, 0x00000000e6800000, 0x00000000e6900000|  0%| F|  |TAMS 0x00000000e6800000, 0x00000000e6800000| Untracked 
| 105|0x00000000e6900000, 0x00000000e6900000, 0x00000000e6a00000|  0%| F|  |TAMS 0x00000000e6900000, 0x00000000e6900000| Untracked 
| 106|0x00000000e6a00000, 0x00000000e6a00000, 0x00000000e6b00000|  0%| F|  |TAMS 0x00000000e6a00000, 0x00000000e6a00000| Untracked 
| 107|0x00000000e6b00000, 0x00000000e6b00000, 0x00000000e6c00000|  0%| F|  |TAMS 0x00000000e6b00000, 0x00000000e6b00000| Untracked 
| 108|0x00000000e6c00000, 0x00000000e6c00000, 0x00000000e6d00000|  0%| F|  |TAMS 0x00000000e6c00000, 0x00000000e6c00000| Untracked 
| 109|0x00000000e6d00000, 0x00000000e6d00000, 0x00000000e6e00000|  0%| F|  |TAMS 0x00000000e6d00000, 0x00000000e6d00000| Untracked 
| 110|0x00000000e6e00000, 0x00000000e6e00000, 0x00000000e6f00000|  0%| F|  |TAMS 0x00000000e6e00000, 0x00000000e6e00000| Untracked 
| 111|0x00000000e6f00000, 0x00000000e6f00000, 0x00000000e7000000|  0%| F|  |TAMS 0x00000000e6f00000, 0x00000000e6f00000| Untracked 
| 112|0x00000000e7000000, 0x00000000e7000000, 0x00000000e7100000|  0%| F|  |TAMS 0x00000000e7000000, 0x00000000e7000000| Untracked 
| 113|0x00000000e7100000, 0x00000000e7100000, 0x00000000e7200000|  0%| F|  |TAMS 0x00000000e7100000, 0x00000000e7100000| Untracked 
| 114|0x00000000e7200000, 0x00000000e7200000, 0x00000000e7300000|  0%| F|  |TAMS 0x00000000e7200000, 0x00000000e7200000| Untracked 
| 115|0x00000000e7300000, 0x00000000e7300000, 0x00000000e7400000|  0%| F|  |TAMS 0x00000000e7300000, 0x00000000e7300000| Untracked 
| 116|0x00000000e7400000, 0x00000000e7400000, 0x00000000e7500000|  0%| F|  |TAMS 0x00000000e7400000, 0x00000000e7400000| Untracked 
| 117|0x00000000e7500000, 0x00000000e7500000, 0x00000000e7600000|  0%| F|  |TAMS 0x00000000e7500000, 0x00000000e7500000| Untracked 
| 118|0x00000000e7600000, 0x00000000e7600000, 0x00000000e7700000|  0%| F|  |TAMS 0x00000000e7600000, 0x00000000e7600000| Untracked 
| 119|0x00000000e7700000, 0x00000000e7700000, 0x00000000e7800000|  0%| F|  |TAMS 0x00000000e7700000, 0x00000000e7700000| Untracked 
| 120|0x00000000e7800000, 0x00000000e7800000, 0x00000000e7900000|  0%| F|  |TAMS 0x00000000e7800000, 0x00000000e7800000| Untracked 
| 121|0x00000000e7900000, 0x00000000e7900000, 0x00000000e7a00000|  0%| F|  |TAMS 0x00000000e7900000, 0x00000000e7900000| Untracked 
| 122|0x00000000e7a00000, 0x00000000e7a00000, 0x00000000e7b00000|  0%| F|  |TAMS 0x00000000e7a00000, 0x00000000e7a00000| Untracked 
| 123|0x00000000e7b00000, 0x00000000e7b00000, 0x00000000e7c00000|  0%| F|  |TAMS 0x00000000e7b00000, 0x00000000e7b00000| Untracked 
| 124|0x00000000e7c00000, 0x00000000e7c00000, 0x00000000e7d00000|  0%| F|  |TAMS 0x00000000e7c00000, 0x00000000e7c00000| Untracked 
| 125|0x00000000e7d00000, 0x00000000e7d00000, 0x00000000e7e00000|  0%| F|  |TAMS 0x00000000e7d00000, 0x00000000e7d00000| Untracked 
| 126|0x00000000e7e00000, 0x00000000e7e00000, 0x00000000e7f00000|  0%| F|  |TAMS 0x00000000e7e00000, 0x00000000e7e00000| Untracked 
| 127|0x00000000e7f00000, 0x00000000e7f00000, 0x00000000e8000000|  0%| F|  |TAMS 0x00000000e7f00000, 0x00000000e7f00000| Untracked 
| 128|0x00000000e8000000, 0x00000000e8000000, 0x00000000e8100000|  0%| F|  |TAMS 0x00000000e8000000, 0x00000000e8000000| Untracked 
| 129|0x00000000e8100000, 0x00000000e8100000, 0x00000000e8200000|  0%| F|  |TAMS 0x00000000e8100000, 0x00000000e8100000| Untracked 
| 130|0x00000000e8200000, 0x00000000e8200000, 0x00000000e8300000|  0%| F|  |TAMS 0x00000000e8200000, 0x00000000e8200000| Untracked 
| 131|0x00000000e8300000, 0x00000000e8300000, 0x00000000e8400000|  0%| F|  |TAMS 0x00000000e8300000, 0x00000000e8300000| Untracked 
| 132|0x00000000e8400000, 0x00000000e8400000, 0x00000000e8500000|  0%| F|  |TAMS 0x00000000e8400000, 0x00000000e8400000| Untracked 
| 133|0x00000000e8500000, 0x00000000e8500000, 0x00000000e8600000|  0%| F|  |TAMS 0x00000000e8500000, 0x00000000e8500000| Untracked 
| 134|0x00000000e8600000, 0x00000000e8600000, 0x00000000e8700000|  0%| F|  |TAMS 0x00000000e8600000, 0x00000000e8600000| Untracked 
| 135|0x00000000e8700000, 0x00000000e8700000, 0x00000000e8800000|  0%| F|  |TAMS 0x00000000e8700000, 0x00000000e8700000| Untracked 
| 136|0x00000000e8800000, 0x00000000e8800000, 0x00000000e8900000|  0%| F|  |TAMS 0x00000000e8800000, 0x00000000e8800000| Untracked 
| 137|0x00000000e8900000, 0x00000000e8900000, 0x00000000e8a00000|  0%| F|  |TAMS 0x00000000e8900000, 0x00000000e8900000| Untracked 
| 138|0x00000000e8a00000, 0x00000000e8a00000, 0x00000000e8b00000|  0%| F|  |TAMS 0x00000000e8a00000, 0x00000000e8a00000| Untracked 
| 139|0x00000000e8b00000, 0x00000000e8b00000, 0x00000000e8c00000|  0%| F|  |TAMS 0x00000000e8b00000, 0x00000000e8b00000| Untracked 
| 140|0x00000000e8c00000, 0x00000000e8c00000, 0x00000000e8d00000|  0%| F|  |TAMS 0x00000000e8c00000, 0x00000000e8c00000| Untracked 
| 141|0x00000000e8d00000, 0x00000000e8d00000, 0x00000000e8e00000|  0%| F|  |TAMS 0x00000000e8d00000, 0x00000000e8d00000| Untracked 
| 142|0x00000000e8e00000, 0x00000000e8e00000, 0x00000000e8f00000|  0%| F|  |TAMS 0x00000000e8e00000, 0x00000000e8e00000| Untracked 
| 143|0x00000000e8f00000, 0x00000000e8f00000, 0x00000000e9000000|  0%| F|  |TAMS 0x00000000e8f00000, 0x00000000e8f00000| Untracked 
| 144|0x00000000e9000000, 0x00000000e9000000, 0x00000000e9100000|  0%| F|  |TAMS 0x00000000e9000000, 0x00000000e9000000| Untracked 
| 145|0x00000000e9100000, 0x00000000e9100000, 0x00000000e9200000|  0%| F|  |TAMS 0x00000000e9100000, 0x00000000e9100000| Untracked 
| 146|0x00000000e9200000, 0x00000000e9200000, 0x00000000e9300000|  0%| F|  |TAMS 0x00000000e9200000, 0x00000000e9200000| Untracked 
| 147|0x00000000e9300000, 0x00000000e9300000, 0x00000000e9400000|  0%| F|  |TAMS 0x00000000e9300000, 0x00000000e9300000| Untracked 
| 148|0x00000000e9400000, 0x00000000e9400000, 0x00000000e9500000|  0%| F|  |TAMS 0x00000000e9400000, 0x00000000e9400000| Untracked 
| 149|0x00000000e9500000, 0x00000000e9500000, 0x00000000e9600000|  0%| F|  |TAMS 0x00000000e9500000, 0x00000000e9500000| Untracked 
| 150|0x00000000e9600000, 0x00000000e9600000, 0x00000000e9700000|  0%| F|  |TAMS 0x00000000e9600000, 0x00000000e9600000| Untracked 
| 151|0x00000000e9700000, 0x00000000e9700000, 0x00000000e9800000|  0%| F|  |TAMS 0x00000000e9700000, 0x00000000e9700000| Untracked 
| 152|0x00000000e9800000, 0x00000000e9800000, 0x00000000e9900000|  0%| F|  |TAMS 0x00000000e9800000, 0x00000000e9800000| Untracked 
| 153|0x00000000e9900000, 0x00000000e9900000, 0x00000000e9a00000|  0%| F|  |TAMS 0x00000000e9900000, 0x00000000e9900000| Untracked 
| 154|0x00000000e9a00000, 0x00000000e9a00000, 0x00000000e9b00000|  0%| F|  |TAMS 0x00000000e9a00000, 0x00000000e9a00000| Untracked 
| 155|0x00000000e9b00000, 0x00000000e9b00000, 0x00000000e9c00000|  0%| F|  |TAMS 0x00000000e9b00000, 0x00000000e9b00000| Untracked 
| 156|0x00000000e9c00000, 0x00000000e9c00000, 0x00000000e9d00000|  0%| F|  |TAMS 0x00000000e9c00000, 0x00000000e9c00000| Untracked 
| 157|0x00000000e9d00000, 0x00000000e9d00000, 0x00000000e9e00000|  0%| F|  |TAMS 0x00000000e9d00000, 0x00000000e9d00000| Untracked 
| 158|0x00000000e9e00000, 0x00000000e9e00000, 0x00000000e9f00000|  0%| F|  |TAMS 0x00000000e9e00000, 0x00000000e9e00000| Untracked 
| 159|0x00000000e9f00000, 0x00000000e9f00000, 0x00000000ea000000|  0%| F|  |TAMS 0x00000000e9f00000, 0x00000000e9f00000| Untracked 
| 160|0x00000000ea000000, 0x00000000ea000000, 0x00000000ea100000|  0%| F|  |TAMS 0x00000000ea000000, 0x00000000ea000000| Untracked 
| 161|0x00000000ea100000, 0x00000000ea100000, 0x00000000ea200000|  0%| F|  |TAMS 0x00000000ea100000, 0x00000000ea100000| Untracked 
| 162|0x00000000ea200000, 0x00000000ea200000, 0x00000000ea300000|  0%| F|  |TAMS 0x00000000ea200000, 0x00000000ea200000| Untracked 
| 163|0x00000000ea300000, 0x00000000ea300000, 0x00000000ea400000|  0%| F|  |TAMS 0x00000000ea300000, 0x00000000ea300000| Untracked 
| 164|0x00000000ea400000, 0x00000000ea400000, 0x00000000ea500000|  0%| F|  |TAMS 0x00000000ea400000, 0x00000000ea400000| Untracked 
| 165|0x00000000ea500000, 0x00000000ea500000, 0x00000000ea600000|  0%| F|  |TAMS 0x00000000ea500000, 0x00000000ea500000| Untracked 
| 166|0x00000000ea600000, 0x00000000ea600000, 0x00000000ea700000|  0%| F|  |TAMS 0x00000000ea600000, 0x00000000ea600000| Untracked 
| 167|0x00000000ea700000, 0x00000000ea700000, 0x00000000ea800000|  0%| F|  |TAMS 0x00000000ea700000, 0x00000000ea700000| Untracked 
| 168|0x00000000ea800000, 0x00000000ea800000, 0x00000000ea900000|  0%| F|  |TAMS 0x00000000ea800000, 0x00000000ea800000| Untracked 
| 169|0x00000000ea900000, 0x00000000ea900000, 0x00000000eaa00000|  0%| F|  |TAMS 0x00000000ea900000, 0x00000000ea900000| Untracked 
| 170|0x00000000eaa00000, 0x00000000eaa00000, 0x00000000eab00000|  0%| F|  |TAMS 0x00000000eaa00000, 0x00000000eaa00000| Untracked 
| 171|0x00000000eab00000, 0x00000000eab00000, 0x00000000eac00000|  0%| F|  |TAMS 0x00000000eab00000, 0x00000000eab00000| Untracked 
| 172|0x00000000eac00000, 0x00000000eac00000, 0x00000000ead00000|  0%| F|  |TAMS 0x00000000eac00000, 0x00000000eac00000| Untracked 
| 173|0x00000000ead00000, 0x00000000ead00000, 0x00000000eae00000|  0%| F|  |TAMS 0x00000000ead00000, 0x00000000ead00000| Untracked 
| 174|0x00000000eae00000, 0x00000000eae00000, 0x00000000eaf00000|  0%| F|  |TAMS 0x00000000eae00000, 0x00000000eae00000| Untracked 
| 175|0x00000000eaf00000, 0x00000000eaf00000, 0x00000000eb000000|  0%| F|  |TAMS 0x00000000eaf00000, 0x00000000eaf00000| Untracked 
| 176|0x00000000eb000000, 0x00000000eb000000, 0x00000000eb100000|  0%| F|  |TAMS 0x00000000eb000000, 0x00000000eb000000| Untracked 
| 177|0x00000000eb100000, 0x00000000eb100000, 0x00000000eb200000|  0%| F|  |TAMS 0x00000000eb100000, 0x00000000eb100000| Untracked 
| 178|0x00000000eb200000, 0x00000000eb200000, 0x00000000eb300000|  0%| F|  |TAMS 0x00000000eb200000, 0x00000000eb200000| Untracked 
| 179|0x00000000eb300000, 0x00000000eb300000, 0x00000000eb400000|  0%| F|  |TAMS 0x00000000eb300000, 0x00000000eb300000| Untracked 
| 180|0x00000000eb400000, 0x00000000eb400000, 0x00000000eb500000|  0%| F|  |TAMS 0x00000000eb400000, 0x00000000eb400000| Untracked 
| 181|0x00000000eb500000, 0x00000000eb500000, 0x00000000eb600000|  0%| F|  |TAMS 0x00000000eb500000, 0x00000000eb500000| Untracked 
| 182|0x00000000eb600000, 0x00000000eb600000, 0x00000000eb700000|  0%| F|  |TAMS 0x00000000eb600000, 0x00000000eb600000| Untracked 
| 183|0x00000000eb700000, 0x00000000eb700000, 0x00000000eb800000|  0%| F|  |TAMS 0x00000000eb700000, 0x00000000eb700000| Untracked 
| 184|0x00000000eb800000, 0x00000000eb800000, 0x00000000eb900000|  0%| F|  |TAMS 0x00000000eb800000, 0x00000000eb800000| Untracked 
| 185|0x00000000eb900000, 0x00000000eb900000, 0x00000000eba00000|  0%| F|  |TAMS 0x00000000eb900000, 0x00000000eb900000| Untracked 
| 186|0x00000000eba00000, 0x00000000eba00000, 0x00000000ebb00000|  0%| F|  |TAMS 0x00000000eba00000, 0x00000000eba00000| Untracked 
| 187|0x00000000ebb00000, 0x00000000ebb00000, 0x00000000ebc00000|  0%| F|  |TAMS 0x00000000ebb00000, 0x00000000ebb00000| Untracked 
| 188|0x00000000ebc00000, 0x00000000ebc00000, 0x00000000ebd00000|  0%| F|  |TAMS 0x00000000ebc00000, 0x00000000ebc00000| Untracked 
| 189|0x00000000ebd00000, 0x00000000ebd00000, 0x00000000ebe00000|  0%| F|  |TAMS 0x00000000ebd00000, 0x00000000ebd00000| Untracked 
| 190|0x00000000ebe00000, 0x00000000ebe00000, 0x00000000ebf00000|  0%| F|  |TAMS 0x00000000ebe00000, 0x00000000ebe00000| Untracked 
| 191|0x00000000ebf00000, 0x00000000ebf00000, 0x00000000ec000000|  0%| F|  |TAMS 0x00000000ebf00000, 0x00000000ebf00000| Untracked 
| 192|0x00000000ec000000, 0x00000000ec000000, 0x00000000ec100000|  0%| F|  |TAMS 0x00000000ec000000, 0x00000000ec000000| Untracked 
| 193|0x00000000ec100000, 0x00000000ec100000, 0x00000000ec200000|  0%| F|  |TAMS 0x00000000ec100000, 0x00000000ec100000| Untracked 
| 194|0x00000000ec200000, 0x00000000ec200000, 0x00000000ec300000|  0%| F|  |TAMS 0x00000000ec200000, 0x00000000ec200000| Untracked 
| 195|0x00000000ec300000, 0x00000000ec300000, 0x00000000ec400000|  0%| F|  |TAMS 0x00000000ec300000, 0x00000000ec300000| Untracked 
| 196|0x00000000ec400000, 0x00000000ec400000, 0x00000000ec500000|  0%| F|  |TAMS 0x00000000ec400000, 0x00000000ec400000| Untracked 
| 197|0x00000000ec500000, 0x00000000ec500000, 0x00000000ec600000|  0%| F|  |TAMS 0x00000000ec500000, 0x00000000ec500000| Untracked 
| 198|0x00000000ec600000, 0x00000000ec600000, 0x00000000ec700000|  0%| F|  |TAMS 0x00000000ec600000, 0x00000000ec600000| Untracked 
| 199|0x00000000ec700000, 0x00000000ec700000, 0x00000000ec800000|  0%| F|  |TAMS 0x00000000ec700000, 0x00000000ec700000| Untracked 
| 200|0x00000000ec800000, 0x00000000ec800000, 0x00000000ec900000|  0%| F|  |TAMS 0x00000000ec800000, 0x00000000ec800000| Untracked 
| 201|0x00000000ec900000, 0x00000000ec900000, 0x00000000eca00000|  0%| F|  |TAMS 0x00000000ec900000, 0x00000000ec900000| Untracked 
| 202|0x00000000eca00000, 0x00000000eca00000, 0x00000000ecb00000|  0%| F|  |TAMS 0x00000000eca00000, 0x00000000eca00000| Untracked 
| 203|0x00000000ecb00000, 0x00000000ecb00000, 0x00000000ecc00000|  0%| F|  |TAMS 0x00000000ecb00000, 0x00000000ecb00000| Untracked 
| 204|0x00000000ecc00000, 0x00000000ecc00000, 0x00000000ecd00000|  0%| F|  |TAMS 0x00000000ecc00000, 0x00000000ecc00000| Untracked 
| 205|0x00000000ecd00000, 0x00000000ecd00000, 0x00000000ece00000|  0%| F|  |TAMS 0x00000000ecd00000, 0x00000000ecd00000| Untracked 
| 206|0x00000000ece00000, 0x00000000ece00000, 0x00000000ecf00000|  0%| F|  |TAMS 0x00000000ece00000, 0x00000000ece00000| Untracked 
| 207|0x00000000ecf00000, 0x00000000ecf00000, 0x00000000ed000000|  0%| F|  |TAMS 0x00000000ecf00000, 0x00000000ecf00000| Untracked 
| 208|0x00000000ed000000, 0x00000000ed000000, 0x00000000ed100000|  0%| F|  |TAMS 0x00000000ed000000, 0x00000000ed000000| Untracked 
| 209|0x00000000ed100000, 0x00000000ed100000, 0x00000000ed200000|  0%| F|  |TAMS 0x00000000ed100000, 0x00000000ed100000| Untracked 
| 210|0x00000000ed200000, 0x00000000ed200000, 0x00000000ed300000|  0%| F|  |TAMS 0x00000000ed200000, 0x00000000ed200000| Untracked 
| 211|0x00000000ed300000, 0x00000000ed300000, 0x00000000ed400000|  0%| F|  |TAMS 0x00000000ed300000, 0x00000000ed300000| Untracked 
| 212|0x00000000ed400000, 0x00000000ed400000, 0x00000000ed500000|  0%| F|  |TAMS 0x00000000ed400000, 0x00000000ed400000| Untracked 
| 213|0x00000000ed500000, 0x00000000ed500000, 0x00000000ed600000|  0%| F|  |TAMS 0x00000000ed500000, 0x00000000ed500000| Untracked 
| 214|0x00000000ed600000, 0x00000000ed600000, 0x00000000ed700000|  0%| F|  |TAMS 0x00000000ed600000, 0x00000000ed600000| Untracked 
| 215|0x00000000ed700000, 0x00000000ed700000, 0x00000000ed800000|  0%| F|  |TAMS 0x00000000ed700000, 0x00000000ed700000| Untracked 
| 216|0x00000000ed800000, 0x00000000ed800000, 0x00000000ed900000|  0%| F|  |TAMS 0x00000000ed800000, 0x00000000ed800000| Untracked 
| 217|0x00000000ed900000, 0x00000000ed900000, 0x00000000eda00000|  0%| F|  |TAMS 0x00000000ed900000, 0x00000000ed900000| Untracked 
| 218|0x00000000eda00000, 0x00000000edb00000, 0x00000000edb00000|100%| E|  |TAMS 0x00000000eda00000, 0x00000000eda00000| Complete 
| 219|0x00000000edb00000, 0x00000000edc00000, 0x00000000edc00000|100%| E|CS|TAMS 0x00000000edb00000, 0x00000000edb00000| Complete 
| 220|0x00000000edc00000, 0x00000000edd00000, 0x00000000edd00000|100%| E|CS|TAMS 0x00000000edc00000, 0x00000000edc00000| Complete 
| 221|0x00000000edd00000, 0x00000000ede00000, 0x00000000ede00000|100%| E|CS|TAMS 0x00000000edd00000, 0x00000000edd00000| Complete 
| 222|0x00000000ede00000, 0x00000000edf00000, 0x00000000edf00000|100%| E|CS|TAMS 0x00000000ede00000, 0x00000000ede00000| Complete 
| 223|0x00000000edf00000, 0x00000000ee000000, 0x00000000ee000000|100%| E|CS|TAMS 0x00000000edf00000, 0x00000000edf00000| Complete 
| 224|0x00000000ee000000, 0x00000000ee100000, 0x00000000ee100000|100%| E|CS|TAMS 0x00000000ee000000, 0x00000000ee000000| Complete 
| 225|0x00000000ee100000, 0x00000000ee200000, 0x00000000ee200000|100%| E|CS|TAMS 0x00000000ee100000, 0x00000000ee100000| Complete 
| 226|0x00000000ee200000, 0x00000000ee300000, 0x00000000ee300000|100%| E|CS|TAMS 0x00000000ee200000, 0x00000000ee200000| Complete 
| 227|0x00000000ee300000, 0x00000000ee400000, 0x00000000ee400000|100%| E|CS|TAMS 0x00000000ee300000, 0x00000000ee300000| Complete 
| 228|0x00000000ee400000, 0x00000000ee500000, 0x00000000ee500000|100%| E|CS|TAMS 0x00000000ee400000, 0x00000000ee400000| Complete 
| 229|0x00000000ee500000, 0x00000000ee600000, 0x00000000ee600000|100%| E|CS|TAMS 0x00000000ee500000, 0x00000000ee500000| Complete 
| 230|0x00000000ee600000, 0x00000000ee700000, 0x00000000ee700000|100%| E|CS|TAMS 0x00000000ee600000, 0x00000000ee600000| Complete 
| 231|0x00000000ee700000, 0x00000000ee800000, 0x00000000ee800000|100%| E|CS|TAMS 0x00000000ee700000, 0x00000000ee700000| Complete 
| 232|0x00000000ee800000, 0x00000000ee900000, 0x00000000ee900000|100%| E|CS|TAMS 0x00000000ee800000, 0x00000000ee800000| Complete 
| 233|0x00000000ee900000, 0x00000000eea00000, 0x00000000eea00000|100%| E|CS|TAMS 0x00000000ee900000, 0x00000000ee900000| Complete 
| 234|0x00000000eea00000, 0x00000000eeb00000, 0x00000000eeb00000|100%| E|CS|TAMS 0x00000000eea00000, 0x00000000eea00000| Complete 
| 235|0x00000000eeb00000, 0x00000000eec00000, 0x00000000eec00000|100%| E|CS|TAMS 0x00000000eeb00000, 0x00000000eeb00000| Complete 
| 236|0x00000000eec00000, 0x00000000eed00000, 0x00000000eed00000|100%| E|CS|TAMS 0x00000000eec00000, 0x00000000eec00000| Complete 
| 237|0x00000000eed00000, 0x00000000eee00000, 0x00000000eee00000|100%| E|CS|TAMS 0x00000000eed00000, 0x00000000eed00000| Complete 
| 238|0x00000000eee00000, 0x00000000eef00000, 0x00000000eef00000|100%| E|CS|TAMS 0x00000000eee00000, 0x00000000eee00000| Complete 
| 239|0x00000000eef00000, 0x00000000ef000000, 0x00000000ef000000|100%| E|CS|TAMS 0x00000000eef00000, 0x00000000eef00000| Complete 
| 240|0x00000000ef000000, 0x00000000ef100000, 0x00000000ef100000|100%| E|CS|TAMS 0x00000000ef000000, 0x00000000ef000000| Complete 
| 241|0x00000000ef100000, 0x00000000ef200000, 0x00000000ef200000|100%| E|CS|TAMS 0x00000000ef100000, 0x00000000ef100000| Complete 
| 242|0x00000000ef200000, 0x00000000ef300000, 0x00000000ef300000|100%| E|CS|TAMS 0x00000000ef200000, 0x00000000ef200000| Complete 
| 243|0x00000000ef300000, 0x00000000ef400000, 0x00000000ef400000|100%| E|CS|TAMS 0x00000000ef300000, 0x00000000ef300000| Complete 
| 244|0x00000000ef400000, 0x00000000ef500000, 0x00000000ef500000|100%| E|CS|TAMS 0x00000000ef400000, 0x00000000ef400000| Complete 
| 245|0x00000000ef500000, 0x00000000ef600000, 0x00000000ef600000|100%| E|CS|TAMS 0x00000000ef500000, 0x00000000ef500000| Complete 
| 246|0x00000000ef600000, 0x00000000ef700000, 0x00000000ef700000|100%| E|CS|TAMS 0x00000000ef600000, 0x00000000ef600000| Complete 
| 247|0x00000000ef700000, 0x00000000ef800000, 0x00000000ef800000|100%| E|CS|TAMS 0x00000000ef700000, 0x00000000ef700000| Complete 
| 248|0x00000000ef800000, 0x00000000ef900000, 0x00000000ef900000|100%| E|CS|TAMS 0x00000000ef800000, 0x00000000ef800000| Complete 
| 249|0x00000000ef900000, 0x00000000efa00000, 0x00000000efa00000|100%| E|CS|TAMS 0x00000000ef900000, 0x00000000ef900000| Complete 
| 250|0x00000000efa00000, 0x00000000efb00000, 0x00000000efb00000|100%| E|CS|TAMS 0x00000000efa00000, 0x00000000efa00000| Complete 
| 251|0x00000000efb00000, 0x00000000efc00000, 0x00000000efc00000|100%| E|CS|TAMS 0x00000000efb00000, 0x00000000efb00000| Complete 
| 252|0x00000000efc00000, 0x00000000efd00000, 0x00000000efd00000|100%| E|CS|TAMS 0x00000000efc00000, 0x00000000efc00000| Complete 
| 253|0x00000000efd00000, 0x00000000efe00000, 0x00000000efe00000|100%| E|CS|TAMS 0x00000000efd00000, 0x00000000efd00000| Complete 
| 254|0x00000000efe00000, 0x00000000eff00000, 0x00000000eff00000|100%| E|CS|TAMS 0x00000000efe00000, 0x00000000efe00000| Complete 
| 255|0x00000000eff00000, 0x00000000f0000000, 0x00000000f0000000|100%| E|CS|TAMS 0x00000000eff00000, 0x00000000eff00000| Complete 

Card table byte_map: [0x000002346c310000,0x000002346c410000] _byte_map_base: 0x000002346bc10000

Marking Bits (Prev, Next): (CMBitMap*) 0x000002345316dab0, (CMBitMap*) 0x000002345316da78
 Prev Bits: [0x000002346cd10000, 0x000002346d510000)
 Next Bits: [0x000002346c510000, 0x000002346cd10000)

Polling page: 0x0000023453240000

Metaspace:

Usage:
  Non-class:     52.83 MB capacity,    51.98 MB ( 98%) used,   757.95 KB (  1%) free+waste,   117.94 KB ( <1%) overhead. 
      Class:      7.78 MB capacity,     7.43 MB ( 95%) used,   312.99 KB (  4%) free+waste,    51.38 KB ( <1%) overhead. 
       Both:     60.62 MB capacity,    59.41 MB ( 98%) used,     1.05 MB (  2%) free+waste,   169.31 KB ( <1%) overhead. 

Virtual space:
  Non-class space:       54.00 MB reserved,      52.96 MB ( 98%) committed 
      Class space:      248.00 MB reserved,       7.87 MB (  3%) committed 
             Both:      302.00 MB reserved,      60.83 MB ( 20%) committed 

Chunk freelists:
   Non-Class:  7.75 KB
       Class:  0 bytes
        Both:  7.75 KB

CodeHeap 'non-profiled nmethods': size=120064Kb used=4979Kb max_used=4979Kb free=115084Kb
 bounds [0x00000234646b0000, 0x0000023464b90000, 0x000002346bbf0000]
CodeHeap 'profiled nmethods': size=120000Kb used=19180Kb max_used=19180Kb free=100819Kb
 bounds [0x000002345d180000, 0x000002345e450000, 0x00000234646b0000]
CodeHeap 'non-nmethods': size=5696Kb used=2242Kb max_used=2295Kb free=3453Kb
 bounds [0x000002345cbf0000, 0x000002345ce60000, 0x000002345d180000]
 total_blobs=11772 nmethods=8205 adapters=735
 compilation: enabled
              stopped_count=0, restarted_count=0
 full_count=0

Compilation events (10 events):
Event: 34.356 Thread 0x000002346fb6e000 nmethod 8833 0x000002345e43d310 code [0x000002345e43d4c0, 0x000002345e43d650]
Event: 34.373 Thread 0x000002346fb6e000 8835       3       java.io.RandomAccessFile::<init> (263 bytes)
Event: 34.375 Thread 0x000002346fb6e000 nmethod 8835 0x000002345e43d710 code [0x000002345e43dae0, 0x000002345e43f330]
Event: 34.382 Thread 0x000002346fb6e000 8836   !   3       java.util.jar.JarFile::getBytes (137 bytes)
Event: 34.384 Thread 0x000002346fb6e000 nmethod 8836 0x000002345e43fb90 code [0x000002345e43fea0, 0x000002345e440f80]
Event: 34.406 Thread 0x000002346fb6e000 8837       3       java.util.jar.Manifest$FastInputStream::<init> (9 bytes)
Event: 34.406 Thread 0x000002346fb6e000 nmethod 8837 0x000002345e441790 code [0x000002345e441960, 0x000002345e441d98]
Event: 34.406 Thread 0x000002346fb6e000 8838       3       java.util.jar.Manifest$FastInputStream::<init> (23 bytes)
Event: 34.406 Thread 0x000002346fb6e000 nmethod 8838 0x000002345e441f10 code [0x000002345e4420e0, 0x000002345e4424b8]
Event: 34.451 Thread 0x000002346fb6c800 8839 % !   4       java.util.jar.Attributes::read @ 185 (388 bytes)

GC Heap History (10 events):
Event: 6.069 GC heap before
{Heap before GC invocations=6 (full 0):
 garbage-first heap   total 262144K, used 50810K [0x00000000e0000000, 0x0000000100000000)
  region size 1024K, 36 young (36864K), 6 survivors (6144K)
 Metaspace       used 35334K, capacity 35859K, committed 35964K, reserved 286720K
  class space    used 4424K, capacity 4630K, committed 4732K, reserved 253952K
}
Event: 6.083 GC heap after
{Heap after GC invocations=7 (full 0):
 garbage-first heap   total 262144K, used 20427K [0x00000000e0000000, 0x0000000100000000)
  region size 1024K, 7 young (7168K), 7 survivors (7168K)
 Metaspace       used 35334K, capacity 35859K, committed 35964K, reserved 286720K
  class space    used 4424K, capacity 4630K, committed 4732K, reserved 253952K
}
Event: 9.893 GC heap before
{Heap before GC invocations=8 (full 0):
 garbage-first heap   total 262144K, used 118731K [0x00000000e0000000, 0x0000000100000000)
  region size 1024K, 103 young (105472K), 7 survivors (7168K)
 Metaspace       used 43772K, capacity 44540K, committed 44796K, reserved 292864K
  class space    used 5752K, capacity 6046K, committed 6140K, reserved 253952K
}
Event: 9.907 GC heap after
{Heap after GC invocations=9 (full 0):
 garbage-first heap   total 262144K, used 24961K [0x00000000e0000000, 0x0000000100000000)
  region size 1024K, 11 young (11264K), 11 survivors (11264K)
 Metaspace       used 43772K, capacity 44540K, committed 44796K, reserved 292864K
  class space    used 5752K, capacity 6046K, committed 6140K, reserved 253952K
}
Event: 19.810 GC heap before
{Heap before GC invocations=9 (full 0):
 garbage-first heap   total 262144K, used 169345K [0x00000000e0000000, 0x0000000100000000)
  region size 1024K, 153 young (156672K), 11 survivors (11264K)
 Metaspace       used 49098K, capacity 50057K, committed 50300K, reserved 299008K
  class space    used 6372K, capacity 6661K, committed 6780K, reserved 253952K
}
Event: 19.836 GC heap after
{Heap after GC invocations=10 (full 0):
 garbage-first heap   total 262144K, used 33145K [0x00000000e0000000, 0x0000000100000000)
  region size 1024K, 18 young (18432K), 18 survivors (18432K)
 Metaspace       used 49098K, capacity 50057K, committed 50300K, reserved 299008K
  class space    used 6372K, capacity 6661K, committed 6780K, reserved 253952K
}
Event: 23.561 GC heap before
{Heap before GC invocations=10 (full 0):
 garbage-first heap   total 262144K, used 126329K [0x00000000e0000000, 0x0000000100000000)
  region size 1024K, 110 young (112640K), 18 survivors (18432K)
 Metaspace       used 59082K, capacity 60202K, committed 60368K, reserved 307200K
  class space    used 7494K, capacity 7841K, committed 7932K, reserved 253952K
}
Event: 23.609 GC heap after
{Heap after GC invocations=11 (full 0):
 garbage-first heap   total 262144K, used 42801K [0x00000000e0000000, 0x0000000100000000)
  region size 1024K, 18 young (18432K), 18 survivors (18432K)
 Metaspace       used 59082K, capacity 60202K, committed 60368K, reserved 307200K
  class space    used 7494K, capacity 7841K, committed 7932K, reserved 253952K
}
Event: 33.390 GC heap before
{Heap before GC invocations=12 (full 0):
 garbage-first heap   total 262144K, used 180017K [0x00000000e0000000, 0x0000000100000000)
  region size 1024K, 153 young (156672K), 18 survivors (18432K)
 Metaspace       used 60711K, capacity 61880K, committed 62032K, reserved 309248K
  class space    used 7604K, capacity 7971K, committed 8060K, reserved 253952K
}
Event: 33.432 GC heap after
{Heap after GC invocations=13 (full 0):
 garbage-first heap   total 262144K, used 51169K [0x00000000e0000000, 0x0000000100000000)
  region size 1024K, 12 young (12288K), 12 survivors (12288K)
 Metaspace       used 60711K, capacity 61880K, committed 62032K, reserved 309248K
  class space    used 7604K, capacity 7971K, committed 8060K, reserved 253952K
}

Deoptimization events (10 events):
Event: 31.539 Thread 0x0000023471dcb800 Uncommon trap: reason=profile_predicate action=maybe_recompile pc=0x0000023464a02ad4 method=java.util.regex.Pattern$CharPropertyGreedy.match(Ljava/util/regex/Matcher;ILjava/lang/CharSequence;)Z @ 12 c2
Event: 33.181 Thread 0x0000023471dcb800 Uncommon trap: reason=class_check action=maybe_recompile pc=0x0000023464943e50 method=io.spring.gradle.dependencymanagement.org.codehaus.plexus.interpolation.MapBasedValueSource.getValue(Ljava/lang/String;)Ljava/lang/Object; @ 16 c2
Event: 33.181 Thread 0x0000023471dcb800 Uncommon trap: reason=class_check action=maybe_recompile pc=0x0000023464943e50 method=io.spring.gradle.dependencymanagement.org.codehaus.plexus.interpolation.MapBasedValueSource.getValue(Ljava/lang/String;)Ljava/lang/Object; @ 16 c2
Event: 33.357 Thread 0x0000023471dcb800 Uncommon trap: reason=class_check action=make_not_entrant pc=0x0000023464b4c66c method=java.util.ArrayList.toArray([Ljava/lang/Object;)[Ljava/lang/Object; @ 21 c2
Event: 33.728 Thread 0x0000023471dcb800 Uncommon trap: reason=bimorphic_or_optimized_type_check action=maybe_recompile pc=0x0000023464aa7a4c method=com.google.common.collect.ImmutableSet.copyOf(Ljava/util/Collection;)Lcom/google/common/collect/ImmutableSet; @ 29 c2
Event: 33.730 Thread 0x0000023471dcb800 Uncommon trap: reason=bimorphic_or_optimized_type_check action=maybe_recompile pc=0x0000023464aa7a4c method=com.google.common.collect.ImmutableSet.copyOf(Ljava/util/Collection;)Lcom/google/common/collect/ImmutableSet; @ 29 c2
Event: 33.824 Thread 0x0000023471dcb800 Uncommon trap: reason=unstable_if action=reinterpret pc=0x0000023464ab358c method=com.google.common.collect.MapMakerInternalMap$Segment.getEntry(Ljava/lang/Object;I)Lcom/google/common/collect/MapMakerInternalMap$InternalEntry; @ 40 c2
Event: 33.832 Thread 0x0000023471dcb800 Uncommon trap: reason=class_check action=maybe_recompile pc=0x0000023464a4966c method=sun.nio.fs.WindowsPath.compareTo(Ljava/nio/file/Path;)I @ 18 c2
Event: 33.847 Thread 0x0000023471dcb800 Uncommon trap: reason=bimorphic_or_optimized_type_check action=maybe_recompile pc=0x0000023464aa7a4c method=com.google.common.collect.ImmutableSet.copyOf(Ljava/util/Collection;)Lcom/google/common/collect/ImmutableSet; @ 29 c2
Event: 33.878 Thread 0x0000023471dcb800 Uncommon trap: reason=class_check action=maybe_recompile pc=0x0000023464a4966c method=sun.nio.fs.WindowsPath.compareTo(Ljava/nio/file/Path;)I @ 18 c2

Classes redefined (0 events):
No events

Internal exceptions (10 events):
Event: 23.763 Thread 0x0000023476663000 Exception <a 'sun/nio/fs/WindowsException'{0x00000000efd0b770}> (0x00000000efd0b770) thrown at [t:/workspace/open/src/hotspot/share/prims/jni.cpp, line 615]
Event: 23.777 Thread 0x0000023476663000 Exception <a 'sun/nio/fs/WindowsException'{0x00000000efd50538}> (0x00000000efd50538) thrown at [t:/workspace/open/src/hotspot/share/prims/jni.cpp, line 615]
Event: 23.789 Thread 0x0000023476663000 Exception <a 'sun/nio/fs/WindowsException'{0x00000000efd99ac0}> (0x00000000efd99ac0) thrown at [t:/workspace/open/src/hotspot/share/prims/jni.cpp, line 615]
Event: 23.810 Thread 0x0000023476663000 Exception <a 'sun/nio/fs/WindowsException'{0x00000000efc36680}> (0x00000000efc36680) thrown at [t:/workspace/open/src/hotspot/share/prims/jni.cpp, line 615]
Event: 24.164 Thread 0x0000023471f18800 Exception <a 'java/lang/NoSuchMethodError'{0x00000000eea05898}: <clinit>> (0x00000000eea05898) thrown at [t:/workspace/open/src/hotspot/share/prims/jni.cpp, line 1364]
Event: 24.166 Thread 0x0000023471f18800 Exception <a 'java/lang/NoSuchMethodError'{0x00000000eea1e710}: <clinit>> (0x00000000eea1e710) thrown at [t:/workspace/open/src/hotspot/share/prims/jni.cpp, line 1364]
Event: 24.167 Thread 0x0000023471f18800 Exception <a 'java/lang/NoSuchMethodError'{0x00000000eea1ffa8}: <clinit>> (0x00000000eea1ffa8) thrown at [t:/workspace/open/src/hotspot/share/prims/jni.cpp, line 1364]
Event: 24.167 Thread 0x0000023471f18800 Exception <a 'java/lang/NoSuchMethodError'{0x00000000eea21148}: <clinit>> (0x00000000eea21148) thrown at [t:/workspace/open/src/hotspot/share/prims/jni.cpp, line 1364]
Event: 24.170 Thread 0x0000023471f18800 Exception <a 'java/lang/NoSuchMethodError'{0x00000000eea3e650}: <clinit>> (0x00000000eea3e650) thrown at [t:/workspace/open/src/hotspot/share/prims/jni.cpp, line 1364]
Event: 24.181 Thread 0x0000023471f18800 Exception <a 'java/lang/NoSuchMethodError'{0x00000000eea48538}: <clinit>> (0x00000000eea48538) thrown at [t:/workspace/open/src/hotspot/share/prims/jni.cpp, line 1364]

Events (10 events):
Event: 33.880 Executing VM operation: RevokeBias done
Event: 33.900 Thread 0x0000023471dcb800 DEOPT PACKING pc=0x000002345dfc5a44 sp=0x00000052e5ff6960
Event: 33.900 Thread 0x0000023471dcb800 DEOPT UNPACKING pc=0x000002345cc18d4e sp=0x00000052e5ff5f00 mode 0
Event: 33.979 Thread 0x0000023471dcb800 DEOPT PACKING pc=0x000002345d337cee sp=0x00000052e5ff65a0
Event: 33.979 Thread 0x0000023471dcb800 DEOPT UNPACKING pc=0x000002345cc18d4e sp=0x00000052e5ff5b88 mode 0
Event: 34.207 Executing VM operation: RevokeBias
Event: 34.207 Executing VM operation: RevokeBias done
Event: 34.373 Thread 0x000002347126a800 Thread exited: 0x000002347126a800
Event: 34.475 Executing VM operation: RevokeBias
Event: 34.475 Executing VM operation: RevokeBias done


Dynamic libraries:
0x00007ff662bc0000 - 0x00007ff662c07000 	C:\Program Files\Java\jdk-11.0.2\bin\java.exe
0x00007ffc59d90000 - 0x00007ffc59f51000 	C:\Windows\SYSTEM32\ntdll.dll
0x00007ffc59c30000 - 0x00007ffc59cdd000 	C:\Windows\system32\KERNEL32.DLL
0x00007ffc565d0000 - 0x00007ffc567b8000 	C:\Windows\system32\KERNELBASE.dll
0x00007ffc59ce0000 - 0x00007ffc59d87000 	C:\Windows\system32\ADVAPI32.dll
0x00007ffc59480000 - 0x00007ffc5951d000 	C:\Windows\system32\msvcrt.dll
0x00007ffc59b00000 - 0x00007ffc59b5b000 	C:\Windows\system32\sechost.dll
0x00007ffc596d0000 - 0x00007ffc597ec000 	C:\Windows\system32\RPCRT4.dll
0x00007ffc59090000 - 0x00007ffc591e6000 	C:\Windows\system32\USER32.dll
0x00007ffc598b0000 - 0x00007ffc59a36000 	C:\Windows\system32\GDI32.dll
0x00007ffc491e0000 - 0x00007ffc49454000 	C:\Windows\WinSxS\amd64_microsoft.windows.common-controls_6595b64144ccf1df_6.0.10586.0_none_8c15ae12515e1c22\COMCTL32.dll
0x00007ffc4fa00000 - 0x00007ffc4fa0a000 	C:\Windows\SYSTEM32\VERSION.dll
0x00007ffc588c0000 - 0x00007ffc58b3d000 	C:\Windows\system32\combase.dll
0x00007ffc56870000 - 0x00007ffc568da000 	C:\Windows\system32\bcryptPrimitives.dll
0x00007ffc59a40000 - 0x00007ffc59a7b000 	C:\Windows\system32\IMM32.DLL
0x00007ffc53290000 - 0x00007ffc532a6000 	C:\Program Files\Java\jdk-11.0.2\bin\vcruntime140.dll
0x00007ffc55550000 - 0x00007ffc55644000 	C:\Windows\SYSTEM32\ucrtbase.dll
0x00007ffc531e0000 - 0x00007ffc5328a000 	C:\Program Files\Java\jdk-11.0.2\bin\msvcp140.dll
0x00007ffc20db0000 - 0x00007ffc218d7000 	C:\Program Files\Java\jdk-11.0.2\bin\server\jvm.dll
0x00007ffc59a80000 - 0x00007ffc59a88000 	C:\Windows\system32\PSAPI.DLL
0x00007ffc453f0000 - 0x00007ffc453f9000 	C:\Windows\SYSTEM32\WSOCK32.dll
0x00007ffc547b0000 - 0x00007ffc547d3000 	C:\Windows\SYSTEM32\WINMM.dll
0x00007ffc59a90000 - 0x00007ffc59afb000 	C:\Windows\system32\WS2_32.dll
0x00007ffc54690000 - 0x00007ffc546bc000 	C:\Windows\SYSTEM32\winmmbase.dll
0x00007ffc56460000 - 0x00007ffc564a3000 	C:\Windows\system32\cfgmgr32.dll
0x00007ffc56410000 - 0x00007ffc5641f000 	C:\Windows\system32\kernel.appcore.dll
0x00007ffc531c0000 - 0x00007ffc531d1000 	C:\Program Files\Java\jdk-11.0.2\bin\verify.dll
0x00007ffc2e500000 - 0x00007ffc2e68c000 	C:\Windows\SYSTEM32\DBGHELP.DLL
0x00007ffc31330000 - 0x00007ffc31355000 	C:\Windows\SYSTEM32\dbgcore.DLL
0x00007ffc53190000 - 0x00007ffc531b9000 	C:\Program Files\Java\jdk-11.0.2\bin\java.dll
0x00007ffc53170000 - 0x00007ffc53186000 	C:\Program Files\Java\jdk-11.0.2\bin\zip.dll
0x00007ffc53160000 - 0x00007ffc5316a000 	C:\Program Files\Java\jdk-11.0.2\bin\jimage.dll
0x00007ffc57360000 - 0x00007ffc588bc000 	C:\Windows\system32\SHELL32.dll
0x00007ffc56b40000 - 0x00007ffc57184000 	C:\Windows\system32\windows.storage.dll
0x00007ffc597f0000 - 0x00007ffc59842000 	C:\Windows\system32\shlwapi.dll
0x00007ffc56510000 - 0x00007ffc565c5000 	C:\Windows\system32\shcore.dll
0x00007ffc563c0000 - 0x00007ffc5640b000 	C:\Windows\system32\powrprof.dll
0x00007ffc56420000 - 0x00007ffc56434000 	C:\Windows\system32\profapi.dll
0x00007ffc53120000 - 0x00007ffc53139000 	C:\Program Files\Java\jdk-11.0.2\bin\net.dll
0x00007ffc4c0a0000 - 0x00007ffc4c168000 	C:\Windows\SYSTEM32\WINHTTP.dll
0x00007ffc43600000 - 0x00007ffc437b7000 	C:\Windows\SYSTEM32\urlmon.dll
0x00007ffc4b8b0000 - 0x00007ffc4bc34000 	C:\Windows\SYSTEM32\iertutil.dll
0x00007ffc55ce0000 - 0x00007ffc55d3c000 	C:\Windows\system32\mswsock.dll
0x00007ffc53100000 - 0x00007ffc53113000 	C:\Program Files\Java\jdk-11.0.2\bin\nio.dll
0x00007ffc4a120000 - 0x00007ffc4a146000 	C:\Users\M. Kharisma Ramadhan\.gradle\native\29\windows-amd64\native-platform.dll
0x00007ffc51470000 - 0x00007ffc51479000 	C:\Program Files\Java\jdk-11.0.2\bin\management.dll
0x00007ffc51460000 - 0x00007ffc5146c000 	C:\Program Files\Java\jdk-11.0.2\bin\management_ext.dll
0x00007ffc55d90000 - 0x00007ffc55da7000 	C:\Windows\SYSTEM32\CRYPTSP.dll
0x00007ffc55a20000 - 0x00007ffc55a54000 	C:\Windows\system32\rsaenh.dll
0x00007ffc55fb0000 - 0x00007ffc55fd9000 	C:\Windows\SYSTEM32\bcrypt.dll
0x00007ffc55b70000 - 0x00007ffc55b8f000 	C:\Windows\SYSTEM32\USERENV.dll
0x00007ffc55eb0000 - 0x00007ffc55ebb000 	C:\Windows\SYSTEM32\CRYPTBASE.dll
0x00007ffc51280000 - 0x00007ffc512b8000 	C:\Windows\SYSTEM32\IPHLPAPI.DLL
0x00007ffc572e0000 - 0x00007ffc572e8000 	C:\Windows\system32\NSI.dll
0x00007ffc4ffe0000 - 0x00007ffc4fff6000 	C:\Windows\SYSTEM32\dhcpcsvc6.DLL
0x00007ffc4f9e0000 - 0x00007ffc4f9fa000 	C:\Windows\SYSTEM32\dhcpcsvc.DLL

dbghelp: loaded successfully - version: 4.0.5 - missing functions: none
symbol engine: initialized successfully - sym options: 0x614 - pdb path: .;C:\Program Files\Java\jdk-11.0.2\bin;C:\Windows\SYSTEM32;C:\Windows\WinSxS\amd64_microsoft.windows.common-controls_6595b64144ccf1df_6.0.10586.0_none_8c15ae12515e1c22;C:\Program Files\Java\jdk-11.0.2\bin\server;C:\Users\M. Kharisma Ramadhan\.gradle\native\29\windows-amd64

VM Arguments:
jvm_args: --add-opens=java.base/java.util=ALL-UNNAMED --add-opens=java.base/java.lang=ALL-UNNAMED --add-opens=java.base/java.lang.invoke=ALL-UNNAMED --add-opens=java.prefs/java.util.prefs=ALL-UNNAMED -XX:MaxMetaspaceSize=256m -XX:+HeapDumpOnOutOfMemoryError -Xms256m -Xmx512m -Dfile.encoding=windows-1252 -Duser.country=US -Duser.language=en -Duser.variant 
java_command: org.gradle.launcher.daemon.bootstrap.GradleDaemon 5.4
java_class_path (initial): C:\Gradle\gradle-5.4\lib\gradle-launcher-5.4.jar
Launcher Type: SUN_STANDARD

[Global flags]
     intx CICompilerCount                          = 3                                         {product} {ergonomic}
   size_t CompressedClassSpaceSize                 = 260046848                                 {product} {ergonomic}
     uint ConcGCThreads                            = 1                                         {product} {ergonomic}
     uint G1ConcRefinementThreads                  = 4                                         {product} {ergonomic}
   size_t G1HeapRegionSize                         = 1048576                                   {product} {ergonomic}
    uintx GCDrainStackTargetSize                   = 64                                        {product} {ergonomic}
     bool HeapDumpOnOutOfMemoryError               = true                                   {manageable} {command line}
   size_t InitialHeapSize                          = 268435456                                 {product} {command line}
   size_t MarkStackSize                            = 4194304                                   {product} {ergonomic}
   size_t MaxHeapSize                              = 536870912                                 {product} {command line}
   size_t MaxMetaspaceSize                         = 268435456                                 {product} {command line}
   size_t MaxNewSize                               = 321912832                                 {product} {ergonomic}
   size_t MinHeapDeltaBytes                        = 1048576                                   {product} {ergonomic}
    uintx NonNMethodCodeHeapSize                   = 5830092                                {pd product} {ergonomic}
    uintx NonProfiledCodeHeapSize                  = 122914074                              {pd product} {ergonomic}
    uintx ProfiledCodeHeapSize                     = 122914074                              {pd product} {ergonomic}
    uintx ReservedCodeCacheSize                    = 251658240                              {pd product} {ergonomic}
     bool SegmentedCodeCache                       = true                                      {product} {ergonomic}
     bool UseCompressedClassPointers               = true                                 {lp64_product} {ergonomic}
     bool UseCompressedOops                        = true                                 {lp64_product} {ergonomic}
     bool UseG1GC                                  = true                                      {product} {ergonomic}
     bool UseLargePagesIndividualAllocation        = false                                  {pd product} {ergonomic}

Logging:
Log output configuration:
 #0: stdout all=warning uptime,level,tags
 #1: stderr all=off uptime,level,tags

Environment Variables:
JAVA_HOME=C:\Progra~1\Java\jdk1.8.0_202
PATH=C:\Program Files\Java\jdk-11.0.2\bin;C:\Program Files (x86)\Common Files\Oracle\Java\javapath;C:\WinAVR-20100110\bin;C:\WinAVR-20100110\utils\bin;C:\Program Files (x86)\Intel\iCLS Client\;C:\Program Files\Intel\iCLS Client\;C:\ProgramData\Oracle\Java\javapath;C:\Windows\system32;C:\Windows;C:\Windows\System32\Wbem;C:\Windows\System32\WindowsPowerShell\v1.0\;C:\Program Files\Intel\Intel(R) Management Engine Components\DAL;C:\Program Files\Intel\Intel(R) Management Engine Components\IPT;C:\Program Files (x86)\Intel\Intel(R) Management Engine Components\DAL;C:\Program Files (x86)\Intel\Intel(R) Management Engine Components\IPT;C:\Program Files (x86)\Windows Live\Shared;E:\MATLAB\R2016a\runtime\win64;E:\MATLAB\R2016a\bin;E:\MATLAB\R2016a\polyspace\bin;C:\Program Files (x86)\NVIDIA Corporation\PhysX\Common;C:\Program Files\PuTTY\;C:\Program Files\Git\cmd;C:\Gradle\gradle-5.4\bin;C:\Modeltech_pe_edu_10.4a\win32pe_edu;C:\Users\M. Kharisma Ramadhan\AppData\Local\GitHubDesktop\bin;C:\Progra~1\Java\jdk1.8.0_202;C:\BigData\hadoop-2.9.1;C:\BigData\hadoop-2.9.1\bin;C:\BigData\hadoop-2.9.1\sbin
USERNAME=M. Kharisma Ramadhan
OS=Windows_NT
PROCESSOR_IDENTIFIER=Intel64 Family 6 Model 69 Stepping 1, GenuineIntel



---------------  S Y S T E M  ---------------

OS: Windows 10 , 64 bit Build 10586 (10.0.10586.0)

CPU:total 4 (initial active 4) (2 cores per cpu, 2 threads per core) family 6 model 69 stepping 1, cmov, cx8, fxsr, mmx, sse, sse2, sse3, ssse3, sse4.1, sse4.2, popcnt, avx, avx2, aes, clmul, erms, lzcnt, ht, tsc, tscinvbit, bmi1, bmi2, fma

Memory: 4k page, system-wide physical 8081M (1445M free)
TotalPageFile size 9987M (AvailPageFile size 4M)
current process WorkingSet (physical memory assigned to process): 401M, peak: 403M
current process commit charge ("private bytes"): 479M, peak: 480M

vm_info: Java HotSpot(TM) 64-Bit Server VM (11.0.2+9-LTS) for windows-amd64 JRE (11.0.2+9-LTS), built on Jan 18 2019 05:24:10 by "mach5one" with MS VC++ 15.5 (VS2017)

END.
