#
# There is insufficient memory for the Java Runtime Environment to continue.
# Native memory allocation (malloc) failed to allocate 2181136 bytes for Chunk::new
# Possible reasons:
#   The system is out of physical RAM or swap space
#   The process is running with CompressedOops enabled, and the Java Heap may be blocking the growth of the native heap
# Possible solutions:
#   Reduce memory load on the system
#   Increase physical memory or swap space
#   Check if swap backing store is full
#   Decrease Java heap size (-Xmx/-Xms)
#   Decrease number of Java threads
#   Decrease Java thread stack sizes (-Xss)
#   Set larger code cache with -XX:ReservedCodeCacheSize=
#   JVM is running with Unscaled Compressed Oops mode in which the Java heap is
#     placed in the first 4GB address space. The Java Heap base address is the
#     maximum limit for the native heap growth. Please use -XX:HeapBaseMinAddress
#     to set the Java Heap base and to place the Java Heap above 4GB virtual address.
# This output file may be truncated or incomplete.
#
#  Out of Memory Error (t:/workspace/open/src/hotspot/share/memory/arena.cpp:197), pid=3264, tid=4820
#
# JRE version: Java(TM) SE Runtime Environment (11.0.2+9) (build 11.0.2+9-LTS)
# Java VM: Java HotSpot(TM) 64-Bit Server VM (11.0.2+9-LTS, mixed mode, tiered, compressed oops, g1 gc, windows-amd64)
# No core dump will be written. Minidumps are not enabled by default on client versions of Windows
#

---------------  S U M M A R Y ------------

Command Line: --add-opens=java.base/java.util=ALL-UNNAMED --add-opens=java.base/java.lang=ALL-UNNAMED --add-opens=java.base/java.lang.invoke=ALL-UNNAMED --add-opens=java.prefs/java.util.prefs=ALL-UNNAMED -XX:MaxMetaspaceSize=256m -XX:+HeapDumpOnOutOfMemoryError -Xms256m -Xmx512m -Dfile.encoding=windows-1252 -Duser.country=US -Duser.language=en -Duser.variant org.gradle.launcher.daemon.bootstrap.GradleDaemon 5.4

Host: Intel(R) Core(TM) i7-4510U CPU @ 2.00GHz, 4 cores, 7G,  Windows 10 , 64 bit Build 10586 (10.0.10586.0)
Time: Thu May  2 02:45:24 2019 SE Asia Standard Time elapsed time: 10745 seconds (0d 2h 59m 5s)

---------------  T H R E A D  ---------------

Current thread (0x00000201a2500000):  JavaThread "C2 CompilerThread1" daemon [_thread_in_native, id=4820, stack(0x000000dc36c00000,0x000000dc36d00000)]


Current CompileTask:
C2:10745102 16429       4       com.sun.tools.javac.jvm.ClassWriter::writeCode (922 bytes)

Stack: [0x000000dc36c00000,0x000000dc36d00000]
Native frames: (J=compiled Java code, j=interpreted, Vv=VM code, C=native code)
V  [jvm.dll+0x63574a]
V  [jvm.dll+0x77326f]
V  [jvm.dll+0x77491a]
V  [jvm.dll+0x774fd3]
V  [jvm.dll+0x25e418]
V  [jvm.dll+0xc2141]
V  [jvm.dll+0xc26dc]
V  [jvm.dll+0x36d772]
V  [jvm.dll+0x33a8b3]
V  [jvm.dll+0x339c8a]
V  [jvm.dll+0x218245]
V  [jvm.dll+0x2173ea]
V  [jvm.dll+0x194200]
V  [jvm.dll+0x2263af]
V  [jvm.dll+0x2249b8]
V  [jvm.dll+0x738a9d]
V  [jvm.dll+0x6347f2]
C  [ucrtbase.dll+0x6be1d]
C  [KERNEL32.DLL+0x18102]
C  [ntdll.dll+0x5c5b4]


---------------  P R O C E S S  ---------------

Threads class SMR info:
_java_thread_list=0x00000201a6770420, length=45, elements={
0x000002018466e000, 0x000002019f8e9800, 0x000002019f8f2800, 0x00000201a0253000,
0x000002019f905800, 0x000002019f906800, 0x000002019f913800, 0x000002019f919800,
0x00000201a0398000, 0x00000201a039e800, 0x00000201a1978800, 0x00000201a1fd9800,
0x00000201a1018800, 0x00000201a21f8800, 0x00000201a21fa000, 0x00000201a21f9000,
0x00000201a21f6000, 0x00000201a5060000, 0x00000201a505e800, 0x00000201a5064000,
0x00000201a505d800, 0x00000201a5061000, 0x00000201a6748000, 0x00000201a6746800,
0x00000201a674a000, 0x00000201a6749000, 0x00000201a674a800, 0x00000201a6745800,
0x00000201a6745000, 0x00000201a6747800, 0x00000201a674b800, 0x00000201a6752000,
0x00000201a674d000, 0x00000201a674f800, 0x00000201a674e800, 0x00000201a6751000,
0x00000201a6750800, 0x00000201a674c000, 0x00000201a6753800, 0x00000201a6753000,
0x00000201a674e000, 0x00000201a505f800, 0x00000201a505b800, 0x00000201a5062000,
0x00000201a2500000
}

Java Threads: ( => current thread )
  0x000002018466e000 JavaThread "main" [_thread_blocked, id=11428, stack(0x000000dc1fa00000,0x000000dc1fb00000)]
  0x000002019f8e9800 JavaThread "Reference Handler" daemon [_thread_blocked, id=11668, stack(0x000000dc20100000,0x000000dc20200000)]
  0x000002019f8f2800 JavaThread "Finalizer" daemon [_thread_blocked, id=5780, stack(0x000000dc20200000,0x000000dc20300000)]
  0x00000201a0253000 JavaThread "Signal Dispatcher" daemon [_thread_blocked, id=8716, stack(0x000000dc20300000,0x000000dc20400000)]
  0x000002019f905800 JavaThread "Attach Listener" daemon [_thread_blocked, id=10232, stack(0x000000dc20400000,0x000000dc20500000)]
  0x000002019f906800 JavaThread "C2 CompilerThread0" daemon [_thread_in_native, id=3396, stack(0x000000dc20500000,0x000000dc20600000)]
  0x000002019f913800 JavaThread "C1 CompilerThread0" daemon [_thread_blocked, id=3460, stack(0x000000dc20600000,0x000000dc20700000)]
  0x000002019f919800 JavaThread "Sweeper thread" daemon [_thread_blocked, id=1748, stack(0x000000dc20700000,0x000000dc20800000)]
  0x00000201a0398000 JavaThread "Common-Cleaner" daemon [_thread_blocked, id=4348, stack(0x000000dc20800000,0x000000dc20900000)]
  0x00000201a039e800 JavaThread "Service Thread" daemon [_thread_blocked, id=10256, stack(0x000000dc20900000,0x000000dc20a00000)]
  0x00000201a1978800 JavaThread "Daemon health stats" [_thread_blocked, id=10216, stack(0x000000dc20f00000,0x000000dc21000000)]
  0x00000201a1fd9800 JavaThread "Incoming local TCP Connector on port 50174" [_thread_in_native, id=9676, stack(0x000000dc21000000,0x000000dc21100000)]
  0x00000201a1018800 JavaThread "Daemon periodic checks" [_thread_blocked, id=4732, stack(0x000000dc21100000,0x000000dc21200000)]
  0x00000201a21f8800 JavaThread "Cache worker for file hash cache (C:\Users\M. Kharisma Ramadhan\.gradle\caches\5.4\fileHashes)" [_thread_blocked, id=5004, stack(0x000000dc21900000,0x000000dc21a00000)]
  0x00000201a21fa000 JavaThread "File lock request listener" [_thread_in_native, id=11032, stack(0x000000dc21a00000,0x000000dc21b00000)]
  0x00000201a21f9000 JavaThread "Cache worker for journal cache (C:\Users\M. Kharisma Ramadhan\.gradle\caches\journal-1)" [_thread_blocked, id=3088, stack(0x000000dc21b00000,0x000000dc21c00000)]
  0x00000201a21f6000 JavaThread "Cache worker for execution history cache (C:\Users\M. Kharisma Ramadhan\.gradle\caches\5.4\executionHistory)" [_thread_blocked, id=8948, stack(0x000000dc22000000,0x000000dc22100000)]
  0x00000201a5060000 JavaThread "Memory manager" [_thread_blocked, id=4160, stack(0x000000dc22600000,0x000000dc22700000)]
  0x00000201a505e800 JavaThread "Cache worker for file content cache (C:\Users\M. Kharisma Ramadhan\.gradle\caches\5.4\fileContent)" [_thread_blocked, id=11908, stack(0x000000dc22700000,0x000000dc22800000)]
  0x00000201a5064000 JavaThread "Cache worker for Java compile cache (C:\Users\M. Kharisma Ramadhan\.gradle\caches\5.4\javaCompile)" [_thread_blocked, id=8776, stack(0x000000dc22d00000,0x000000dc22e00000)]
  0x00000201a505d800 JavaThread "Daemon Thread 3" [_thread_blocked, id=12932, stack(0x000000dc2ff00000,0x000000dc30000000)]
  0x00000201a5061000 JavaThread "Daemon worker Thread 3" [_thread_blocked, id=1208, stack(0x000000dc30200000,0x000000dc30300000)]
  0x00000201a6748000 JavaThread "Exec process Thread 10" [_thread_in_native, id=2676, stack(0x000000dc32a00000,0x000000dc32b00000)]
  0x00000201a6746800 JavaThread "Exec process Thread 11" [_thread_in_native, id=13184, stack(0x000000dc32b00000,0x000000dc32c00000)]
  0x00000201a674a000 JavaThread "Exec process Thread 12" [_thread_in_native, id=6888, stack(0x000000dc32c00000,0x000000dc32d00000)]
  0x00000201a6749000 JavaThread "Handler for socket connection from /127.0.0.1:50174 to /127.0.0.1:53789" [_thread_in_native, id=11596, stack(0x000000dc35900000,0x000000dc35a00000)]
  0x00000201a674a800 JavaThread "Cancel handler" [_thread_blocked, id=7696, stack(0x000000dc35a00000,0x000000dc35b00000)]
  0x00000201a6745800 JavaThread "Asynchronous log dispatcher for DefaultDaemonConnection: socket connection from /127.0.0.1:50174 to /127.0.0.1:53789" [_thread_blocked, id=13224, stack(0x000000dc35b00000,0x000000dc35c00000)]
  0x00000201a6745000 JavaThread "Stdin handler" [_thread_blocked, id=13152, stack(0x000000dc35c00000,0x000000dc35d00000)]
  0x00000201a6747800 JavaThread "Thread-300" [_thread_blocked, id=2104, stack(0x000000dc35d00000,0x000000dc35e00000)]
  0x00000201a674b800 JavaThread "Cache worker for file hash cache (C:\Users\M. Kharisma Ramadhan\Documents\GitHub\jstore\.gradle\5.4\fileHashes)" [_thread_blocked, id=11196, stack(0x000000dc35e00000,0x000000dc35f00000)]
  0x00000201a6752000 JavaThread "Cache worker for cache directory md-supplier (C:\Users\M. Kharisma Ramadhan\.gradle\caches\5.4\md-supplier)" [_thread_blocked, id=1228, stack(0x000000dc35f00000,0x000000dc36000000)]
  0x00000201a674d000 JavaThread "Cache worker for cache directory md-rule (C:\Users\M. Kharisma Ramadhan\.gradle\caches\5.4\md-rule)" [_thread_blocked, id=6244, stack(0x000000dc36000000,0x000000dc36100000)]
  0x00000201a674f800 JavaThread "Build operations" [_thread_blocked, id=9968, stack(0x000000dc36100000,0x000000dc36200000)]
  0x00000201a674e800 JavaThread "Build operations Thread 2" [_thread_blocked, id=11300, stack(0x000000dc36200000,0x000000dc36300000)]
  0x00000201a6751000 JavaThread "Build operations Thread 3" [_thread_blocked, id=9704, stack(0x000000dc36300000,0x000000dc36400000)]
  0x00000201a6750800 JavaThread "Build operations Thread 4" [_thread_blocked, id=11092, stack(0x000000dc36400000,0x000000dc36500000)]
  0x00000201a674c000 JavaThread "Cache worker for Build Output Cleanup Cache (C:\Users\M. Kharisma Ramadhan\Documents\GitHub\jstore\.gradle\buildOutputCleanup)" [_thread_blocked, id=8708, stack(0x000000dc36500000,0x000000dc36600000)]
  0x00000201a6753800 JavaThread "Cache worker for file content cache (C:\Users\M. Kharisma Ramadhan\Documents\GitHub\jstore\.gradle\5.4\fileContent)" [_thread_blocked, id=4240, stack(0x000000dc36600000,0x000000dc36700000)]
  0x00000201a6753000 JavaThread "Execution worker for ':'" [_thread_blocked, id=11132, stack(0x000000dc36700000,0x000000dc36800000)]
  0x00000201a674e000 JavaThread "Execution worker for ':' Thread 2" [_thread_blocked, id=6236, stack(0x000000dc36800000,0x000000dc36900000)]
  0x00000201a505f800 JavaThread "Execution worker for ':' Thread 3" [_thread_blocked, id=6468, stack(0x000000dc36900000,0x000000dc36a00000)]
  0x00000201a505b800 JavaThread "Cache worker for execution history cache (C:\Users\M. Kharisma Ramadhan\Documents\GitHub\jstore\.gradle\5.4\executionHistory)" [_thread_blocked, id=13112, stack(0x000000dc36a00000,0x000000dc36b00000)]
  0x00000201a5062000 JavaThread "Cache worker for Java compile cache (C:\Users\M. Kharisma Ramadhan\Documents\GitHub\jstore\.gradle\5.4\javaCompile)" [_thread_blocked, id=12556, stack(0x000000dc36b00000,0x000000dc36c00000)]
=>0x00000201a2500000 JavaThread "C2 CompilerThread1" daemon [_thread_in_native, id=4820, stack(0x000000dc36c00000,0x000000dc36d00000)]

Other Threads:
  0x000002019f8c1800 VMThread "VM Thread" [stack: 0x000000dc20000000,0x000000dc20100000] [id=11656]
  0x00000201a03d8000 WatcherThread [stack: 0x000000dc20a00000,0x000000dc20b00000] [id=3960]
  0x0000020184683000 GCTaskThread "GC Thread#0" [stack: 0x000000dc1fb00000,0x000000dc1fc00000] [id=11584]
  0x00000201a0b09800 GCTaskThread "GC Thread#1" [stack: 0x000000dc20b00000,0x000000dc20c00000] [id=11852]
  0x00000201a0b07800 GCTaskThread "GC Thread#2" [stack: 0x000000dc20c00000,0x000000dc20d00000] [id=11640]
  0x00000201a0b09000 GCTaskThread "GC Thread#3" [stack: 0x000000dc20d00000,0x000000dc20e00000] [id=3788]
  0x0000020184694000 ConcurrentGCThread "G1 Main Marker" [stack: 0x000000dc1fc00000,0x000000dc1fd00000] [id=8836]
  0x0000020184695800 ConcurrentGCThread "G1 Conc#0" [stack: 0x000000dc1fd00000,0x000000dc1fe00000] [id=8168]
  0x000002019f75c800 ConcurrentGCThread "G1 Refine#0" [stack: 0x000000dc1fe00000,0x000000dc1ff00000] [id=9604]
  0x000002019f75e800 ConcurrentGCThread "G1 Young RemSet Sampling" [stack: 0x000000dc1ff00000,0x000000dc20000000] [id=11688]

Threads with active compile tasks:
C2 CompilerThread016435 %     4       org.gradle.api.internal.tasks.compile.incremental.classpath.ClasspathSnapshotFactory::createSnapshot @ 108 (182 bytes)
C2 CompilerThread116429       4       com.sun.tools.javac.jvm.ClassWriter::writeCode (922 bytes)

VM state:not at safepoint (normal execution)

VM Mutex/Monitor currently owned by a thread: None

Heap address: 0x00000000e0000000, size: 512 MB, Compressed Oops mode: 32-bit
Narrow klass base: 0x0000000000000000, Narrow klass shift: 3
Compressed class space size: 260046848 Address: 0x0000000100000000

Heap:
 garbage-first heap   total 262144K, used 198625K [0x00000000e0000000, 0x0000000100000000)
  region size 1024K, 147 young (150528K), 8 survivors (8192K)
 Metaspace       used 66663K, capacity 68132K, committed 68432K, reserved 315392K
  class space    used 7818K, capacity 8256K, committed 8316K, reserved 253952K
Heap Regions: E=young(eden), S=young(survivor), O=old, HS=humongous(starts), HC=humongous(continues), CS=collection set, F=free, A=archive, TAMS=top-at-mark-start (previous, next)
|   0|0x00000000e0000000, 0x00000000e0100000, 0x00000000e0100000|100%| O|  |TAMS 0x00000000e0100000, 0x00000000e0000000| Untracked 
|   1|0x00000000e0100000, 0x00000000e0200000, 0x00000000e0200000|100%| O|  |TAMS 0x00000000e0200000, 0x00000000e0100000| Untracked 
|   2|0x00000000e0200000, 0x00000000e0300000, 0x00000000e0300000|100%|HS|  |TAMS 0x00000000e0300000, 0x00000000e0200000| Complete 
|   3|0x00000000e0300000, 0x00000000e0400000, 0x00000000e0400000|100%|HS|  |TAMS 0x00000000e0400000, 0x00000000e0300000| Complete 
|   4|0x00000000e0400000, 0x00000000e0500000, 0x00000000e0500000|100%|HC|  |TAMS 0x00000000e0500000, 0x00000000e0400000| Complete 
|   5|0x00000000e0500000, 0x00000000e0600000, 0x00000000e0600000|100%| O|  |TAMS 0x00000000e0600000, 0x00000000e0500000| Untracked 
|   6|0x00000000e0600000, 0x00000000e0700000, 0x00000000e0700000|100%| O|  |TAMS 0x00000000e0700000, 0x00000000e0600000| Untracked 
|   7|0x00000000e0700000, 0x00000000e0800000, 0x00000000e0800000|100%| O|  |TAMS 0x00000000e0800000, 0x00000000e0700000| Untracked 
|   8|0x00000000e0800000, 0x00000000e0900000, 0x00000000e0900000|100%| O|  |TAMS 0x00000000e0900000, 0x00000000e0800000| Untracked 
|   9|0x00000000e0900000, 0x00000000e0a00000, 0x00000000e0a00000|100%| O|  |TAMS 0x00000000e0a00000, 0x00000000e0900000| Untracked 
|  10|0x00000000e0a00000, 0x00000000e0b00000, 0x00000000e0b00000|100%| O|  |TAMS 0x00000000e0b00000, 0x00000000e0a00000| Untracked 
|  11|0x00000000e0b00000, 0x00000000e0c00000, 0x00000000e0c00000|100%| O|  |TAMS 0x00000000e0c00000, 0x00000000e0b00000| Untracked 
|  12|0x00000000e0c00000, 0x00000000e0d00000, 0x00000000e0d00000|100%| O|  |TAMS 0x00000000e0d00000, 0x00000000e0c00000| Untracked 
|  13|0x00000000e0d00000, 0x00000000e0e00000, 0x00000000e0e00000|100%| O|  |TAMS 0x00000000e0e00000, 0x00000000e0d00000| Untracked 
|  14|0x00000000e0e00000, 0x00000000e0f00000, 0x00000000e0f00000|100%| O|  |TAMS 0x00000000e0f00000, 0x00000000e0e00000| Untracked 
|  15|0x00000000e0f00000, 0x00000000e1000000, 0x00000000e1000000|100%| O|  |TAMS 0x00000000e1000000, 0x00000000e0f00000| Untracked 
|  16|0x00000000e1000000, 0x00000000e1100000, 0x00000000e1100000|100%| O|  |TAMS 0x00000000e1100000, 0x00000000e1000000| Untracked 
|  17|0x00000000e1100000, 0x00000000e1200000, 0x00000000e1200000|100%| O|  |TAMS 0x00000000e1200000, 0x00000000e1100000| Untracked 
|  18|0x00000000e1200000, 0x00000000e1300000, 0x00000000e1300000|100%| O|  |TAMS 0x00000000e1300000, 0x00000000e1200000| Untracked 
|  19|0x00000000e1300000, 0x00000000e1400000, 0x00000000e1400000|100%| O|  |TAMS 0x00000000e1400000, 0x00000000e1300000| Untracked 
|  20|0x00000000e1400000, 0x00000000e1500000, 0x00000000e1500000|100%| O|  |TAMS 0x00000000e1500000, 0x00000000e1400000| Untracked 
|  21|0x00000000e1500000, 0x00000000e1600000, 0x00000000e1600000|100%| O|  |TAMS 0x00000000e1600000, 0x00000000e1500000| Untracked 
|  22|0x00000000e1600000, 0x00000000e1700000, 0x00000000e1700000|100%| O|  |TAMS 0x00000000e1700000, 0x00000000e1600000| Untracked 
|  23|0x00000000e1700000, 0x00000000e1800000, 0x00000000e1800000|100%| O|  |TAMS 0x00000000e17c4e00, 0x00000000e1700000| Untracked 
|  24|0x00000000e1800000, 0x00000000e1900000, 0x00000000e1900000|100%| O|  |TAMS 0x00000000e1800000, 0x00000000e1800000| Untracked 
|  25|0x00000000e1900000, 0x00000000e1a00000, 0x00000000e1a00000|100%| O|  |TAMS 0x00000000e1900000, 0x00000000e1900000| Untracked 
|  26|0x00000000e1a00000, 0x00000000e1b00000, 0x00000000e1b00000|100%| O|  |TAMS 0x00000000e1a00000, 0x00000000e1a00000| Untracked 
|  27|0x00000000e1b00000, 0x00000000e1c00000, 0x00000000e1c00000|100%| O|  |TAMS 0x00000000e1b00000, 0x00000000e1b00000| Untracked 
|  28|0x00000000e1c00000, 0x00000000e1d00000, 0x00000000e1d00000|100%| O|  |TAMS 0x00000000e1c00000, 0x00000000e1c00000| Untracked 
|  29|0x00000000e1d00000, 0x00000000e1e00000, 0x00000000e1e00000|100%| O|  |TAMS 0x00000000e1d00000, 0x00000000e1d00000| Untracked 
|  30|0x00000000e1e00000, 0x00000000e1f00000, 0x00000000e1f00000|100%| O|  |TAMS 0x00000000e1e00000, 0x00000000e1e00000| Untracked 
|  31|0x00000000e1f00000, 0x00000000e2000000, 0x00000000e2000000|100%| O|  |TAMS 0x00000000e1f00000, 0x00000000e1f00000| Untracked 
|  32|0x00000000e2000000, 0x00000000e2100000, 0x00000000e2100000|100%| O|  |TAMS 0x00000000e2000000, 0x00000000e2000000| Untracked 
|  33|0x00000000e2100000, 0x00000000e2200000, 0x00000000e2200000|100%| O|  |TAMS 0x00000000e2100000, 0x00000000e2100000| Untracked 
|  34|0x00000000e2200000, 0x00000000e2300000, 0x00000000e2300000|100%| O|  |TAMS 0x00000000e2200000, 0x00000000e2200000| Untracked 
|  35|0x00000000e2300000, 0x00000000e2400000, 0x00000000e2400000|100%| O|  |TAMS 0x00000000e2300000, 0x00000000e2300000| Untracked 
|  36|0x00000000e2400000, 0x00000000e2500000, 0x00000000e2500000|100%| O|  |TAMS 0x00000000e2400000, 0x00000000e2400000| Untracked 
|  37|0x00000000e2500000, 0x00000000e2600000, 0x00000000e2600000|100%| O|  |TAMS 0x00000000e2500000, 0x00000000e2500000| Untracked 
|  38|0x00000000e2600000, 0x00000000e2700000, 0x00000000e2700000|100%| O|  |TAMS 0x00000000e2600000, 0x00000000e2600000| Untracked 
|  39|0x00000000e2700000, 0x00000000e2800000, 0x00000000e2800000|100%| O|  |TAMS 0x00000000e2700000, 0x00000000e2700000| Untracked 
|  40|0x00000000e2800000, 0x00000000e2900000, 0x00000000e2900000|100%| O|  |TAMS 0x00000000e2800000, 0x00000000e2800000| Untracked 
|  41|0x00000000e2900000, 0x00000000e2a00000, 0x00000000e2a00000|100%| O|  |TAMS 0x00000000e2900000, 0x00000000e2900000| Untracked 
|  42|0x00000000e2a00000, 0x00000000e2b00000, 0x00000000e2b00000|100%| O|  |TAMS 0x00000000e2a00000, 0x00000000e2a00000| Untracked 
|  43|0x00000000e2b00000, 0x00000000e2c00000, 0x00000000e2c00000|100%| O|  |TAMS 0x00000000e2b00000, 0x00000000e2b00000| Untracked 
|  44|0x00000000e2c00000, 0x00000000e2d00000, 0x00000000e2d00000|100%| O|  |TAMS 0x00000000e2c00000, 0x00000000e2c00000| Untracked 
|  45|0x00000000e2d00000, 0x00000000e2e00000, 0x00000000e2e00000|100%| O|  |TAMS 0x00000000e2d00000, 0x00000000e2d00000| Untracked 
|  46|0x00000000e2e00000, 0x00000000e2f00000, 0x00000000e2f00000|100%| O|  |TAMS 0x00000000e2e00000, 0x00000000e2e00000| Untracked 
|  47|0x00000000e2f00000, 0x00000000e3000000, 0x00000000e3000000|100%| O|  |TAMS 0x00000000e2f00000, 0x00000000e2f00000| Untracked 
|  48|0x00000000e3000000, 0x00000000e3087c00, 0x00000000e3100000| 53%| O|  |TAMS 0x00000000e3000000, 0x00000000e3000000| Untracked 
|  49|0x00000000e3100000, 0x00000000e3100000, 0x00000000e3200000|  0%| F|  |TAMS 0x00000000e3100000, 0x00000000e3100000| Untracked 
|  50|0x00000000e3200000, 0x00000000e3200000, 0x00000000e3300000|  0%| F|  |TAMS 0x00000000e3200000, 0x00000000e3200000| Untracked 
|  51|0x00000000e3300000, 0x00000000e3300000, 0x00000000e3400000|  0%| F|  |TAMS 0x00000000e3300000, 0x00000000e3300000| Untracked 
|  52|0x00000000e3400000, 0x00000000e3400000, 0x00000000e3500000|  0%| F|  |TAMS 0x00000000e3400000, 0x00000000e3400000| Untracked 
|  53|0x00000000e3500000, 0x00000000e3500000, 0x00000000e3600000|  0%| F|  |TAMS 0x00000000e3500000, 0x00000000e3500000| Untracked 
|  54|0x00000000e3600000, 0x00000000e3600000, 0x00000000e3700000|  0%| F|  |TAMS 0x00000000e3600000, 0x00000000e3600000| Untracked 
|  55|0x00000000e3700000, 0x00000000e3700000, 0x00000000e3800000|  0%| F|  |TAMS 0x00000000e3700000, 0x00000000e3700000| Untracked 
|  56|0x00000000e3800000, 0x00000000e3800000, 0x00000000e3900000|  0%| F|  |TAMS 0x00000000e3800000, 0x00000000e3800000| Untracked 
|  57|0x00000000e3900000, 0x00000000e3900000, 0x00000000e3a00000|  0%| F|  |TAMS 0x00000000e3900000, 0x00000000e3900000| Untracked 
|  58|0x00000000e3a00000, 0x00000000e3a00000, 0x00000000e3b00000|  0%| F|  |TAMS 0x00000000e3a00000, 0x00000000e3a00000| Untracked 
|  59|0x00000000e3b00000, 0x00000000e3b00000, 0x00000000e3c00000|  0%| F|  |TAMS 0x00000000e3b00000, 0x00000000e3b00000| Untracked 
|  60|0x00000000e3c00000, 0x00000000e3c00000, 0x00000000e3d00000|  0%| F|  |TAMS 0x00000000e3c00000, 0x00000000e3c00000| Untracked 
|  61|0x00000000e3d00000, 0x00000000e3d00000, 0x00000000e3e00000|  0%| F|  |TAMS 0x00000000e3d00000, 0x00000000e3d00000| Untracked 
|  62|0x00000000e3e00000, 0x00000000e3e00000, 0x00000000e3f00000|  0%| F|  |TAMS 0x00000000e3e00000, 0x00000000e3e00000| Untracked 
|  63|0x00000000e3f00000, 0x00000000e3f00000, 0x00000000e4000000|  0%| F|  |TAMS 0x00000000e3f00000, 0x00000000e3f00000| Untracked 
|  64|0x00000000e4000000, 0x00000000e4000000, 0x00000000e4100000|  0%| F|  |TAMS 0x00000000e4000000, 0x00000000e4000000| Untracked 
|  65|0x00000000e4100000, 0x00000000e4100000, 0x00000000e4200000|  0%| F|  |TAMS 0x00000000e4100000, 0x00000000e4100000| Untracked 
|  66|0x00000000e4200000, 0x00000000e4200000, 0x00000000e4300000|  0%| F|  |TAMS 0x00000000e4200000, 0x00000000e4200000| Untracked 
|  67|0x00000000e4300000, 0x00000000e4300000, 0x00000000e4400000|  0%| F|  |TAMS 0x00000000e4300000, 0x00000000e4300000| Untracked 
|  68|0x00000000e4400000, 0x00000000e4400000, 0x00000000e4500000|  0%| F|  |TAMS 0x00000000e4400000, 0x00000000e4400000| Untracked 
|  69|0x00000000e4500000, 0x00000000e4500000, 0x00000000e4600000|  0%| F|  |TAMS 0x00000000e4500000, 0x00000000e4500000| Untracked 
|  70|0x00000000e4600000, 0x00000000e4600000, 0x00000000e4700000|  0%| F|  |TAMS 0x00000000e4600000, 0x00000000e4600000| Untracked 
|  71|0x00000000e4700000, 0x00000000e4700000, 0x00000000e4800000|  0%| F|  |TAMS 0x00000000e4700000, 0x00000000e4700000| Untracked 
|  72|0x00000000e4800000, 0x00000000e4800000, 0x00000000e4900000|  0%| F|  |TAMS 0x00000000e4800000, 0x00000000e4800000| Untracked 
|  73|0x00000000e4900000, 0x00000000e4900000, 0x00000000e4a00000|  0%| F|  |TAMS 0x00000000e4900000, 0x00000000e4900000| Untracked 
|  74|0x00000000e4a00000, 0x00000000e4a00000, 0x00000000e4b00000|  0%| F|  |TAMS 0x00000000e4a00000, 0x00000000e4a00000| Untracked 
|  75|0x00000000e4b00000, 0x00000000e4b00000, 0x00000000e4c00000|  0%| F|  |TAMS 0x00000000e4b00000, 0x00000000e4b00000| Untracked 
|  76|0x00000000e4c00000, 0x00000000e4c00000, 0x00000000e4d00000|  0%| F|  |TAMS 0x00000000e4c00000, 0x00000000e4c00000| Untracked 
|  77|0x00000000e4d00000, 0x00000000e4d00000, 0x00000000e4e00000|  0%| F|  |TAMS 0x00000000e4d00000, 0x00000000e4d00000| Untracked 
|  78|0x00000000e4e00000, 0x00000000e4e00000, 0x00000000e4f00000|  0%| F|  |TAMS 0x00000000e4e00000, 0x00000000e4e00000| Untracked 
|  79|0x00000000e4f00000, 0x00000000e4f00000, 0x00000000e5000000|  0%| F|  |TAMS 0x00000000e4f00000, 0x00000000e4f00000| Untracked 
|  80|0x00000000e5000000, 0x00000000e5000000, 0x00000000e5100000|  0%| F|  |TAMS 0x00000000e5000000, 0x00000000e5000000| Untracked 
|  81|0x00000000e5100000, 0x00000000e5100000, 0x00000000e5200000|  0%| F|  |TAMS 0x00000000e5100000, 0x00000000e5100000| Untracked 
|  82|0x00000000e5200000, 0x00000000e5200000, 0x00000000e5300000|  0%| F|  |TAMS 0x00000000e5200000, 0x00000000e5200000| Untracked 
|  83|0x00000000e5300000, 0x00000000e5300000, 0x00000000e5400000|  0%| F|  |TAMS 0x00000000e5300000, 0x00000000e5300000| Untracked 
|  84|0x00000000e5400000, 0x00000000e5400000, 0x00000000e5500000|  0%| F|  |TAMS 0x00000000e5400000, 0x00000000e5400000| Untracked 
|  85|0x00000000e5500000, 0x00000000e5500000, 0x00000000e5600000|  0%| F|  |TAMS 0x00000000e5500000, 0x00000000e5500000| Untracked 
|  86|0x00000000e5600000, 0x00000000e5600000, 0x00000000e5700000|  0%| F|  |TAMS 0x00000000e5600000, 0x00000000e5600000| Untracked 
|  87|0x00000000e5700000, 0x00000000e5700000, 0x00000000e5800000|  0%| F|  |TAMS 0x00000000e5700000, 0x00000000e5700000| Untracked 
|  88|0x00000000e5800000, 0x00000000e5800000, 0x00000000e5900000|  0%| F|  |TAMS 0x00000000e5800000, 0x00000000e5800000| Untracked 
|  89|0x00000000e5900000, 0x00000000e5900000, 0x00000000e5a00000|  0%| F|  |TAMS 0x00000000e5900000, 0x00000000e5900000| Untracked 
|  90|0x00000000e5a00000, 0x00000000e5a00000, 0x00000000e5b00000|  0%| F|  |TAMS 0x00000000e5a00000, 0x00000000e5a00000| Untracked 
|  91|0x00000000e5b00000, 0x00000000e5b00000, 0x00000000e5c00000|  0%| F|  |TAMS 0x00000000e5b00000, 0x00000000e5b00000| Untracked 
|  92|0x00000000e5c00000, 0x00000000e5c00000, 0x00000000e5d00000|  0%| F|  |TAMS 0x00000000e5c00000, 0x00000000e5c00000| Untracked 
|  93|0x00000000e5d00000, 0x00000000e5d00000, 0x00000000e5e00000|  0%| F|  |TAMS 0x00000000e5d00000, 0x00000000e5d00000| Untracked 
|  94|0x00000000e5e00000, 0x00000000e5e00000, 0x00000000e5f00000|  0%| F|  |TAMS 0x00000000e5e00000, 0x00000000e5e00000| Untracked 
|  95|0x00000000e5f00000, 0x00000000e5f70ba8, 0x00000000e6000000| 44%| S|CS|TAMS 0x00000000e5f00000, 0x00000000e5f00000| Complete 
|  96|0x00000000e6000000, 0x00000000e6100000, 0x00000000e6100000|100%| S|CS|TAMS 0x00000000e6000000, 0x00000000e6000000| Complete 
|  97|0x00000000e6100000, 0x00000000e6200000, 0x00000000e6200000|100%| S|CS|TAMS 0x00000000e6100000, 0x00000000e6100000| Complete 
|  98|0x00000000e6200000, 0x00000000e6300000, 0x00000000e6300000|100%| S|CS|TAMS 0x00000000e6200000, 0x00000000e6200000| Complete 
|  99|0x00000000e6300000, 0x00000000e6400000, 0x00000000e6400000|100%| S|CS|TAMS 0x00000000e6300000, 0x00000000e6300000| Complete 
| 100|0x00000000e6400000, 0x00000000e6500000, 0x00000000e6500000|100%| S|CS|TAMS 0x00000000e6400000, 0x00000000e6400000| Complete 
| 101|0x00000000e6500000, 0x00000000e6600000, 0x00000000e6600000|100%| S|CS|TAMS 0x00000000e6500000, 0x00000000e6500000| Complete 
| 102|0x00000000e6600000, 0x00000000e6600000, 0x00000000e6700000|  0%| F|  |TAMS 0x00000000e6600000, 0x00000000e6600000| Untracked 
| 103|0x00000000e6700000, 0x00000000e6800000, 0x00000000e6800000|100%| S|CS|TAMS 0x00000000e6700000, 0x00000000e6700000| Complete 
| 104|0x00000000e6800000, 0x00000000e6800000, 0x00000000e6900000|  0%| F|  |TAMS 0x00000000e6800000, 0x00000000e6800000| Untracked 
| 105|0x00000000e6900000, 0x00000000e6900000, 0x00000000e6a00000|  0%| F|  |TAMS 0x00000000e6900000, 0x00000000e6900000| Untracked 
| 106|0x00000000e6a00000, 0x00000000e6a00000, 0x00000000e6b00000|  0%| F|  |TAMS 0x00000000e6a00000, 0x00000000e6a00000| Untracked 
| 107|0x00000000e6b00000, 0x00000000e6b00000, 0x00000000e6c00000|  0%| F|  |TAMS 0x00000000e6b00000, 0x00000000e6b00000| Untracked 
| 108|0x00000000e6c00000, 0x00000000e6c00000, 0x00000000e6d00000|  0%| F|  |TAMS 0x00000000e6c00000, 0x00000000e6c00000| Untracked 
| 109|0x00000000e6d00000, 0x00000000e6d00000, 0x00000000e6e00000|  0%| F|  |TAMS 0x00000000e6d00000, 0x00000000e6d00000| Untracked 
| 110|0x00000000e6e00000, 0x00000000e6e00000, 0x00000000e6f00000|  0%| F|  |TAMS 0x00000000e6e00000, 0x00000000e6e00000| Untracked 
| 111|0x00000000e6f00000, 0x00000000e6f00000, 0x00000000e7000000|  0%| F|  |TAMS 0x00000000e6f00000, 0x00000000e6f00000| Untracked 
| 112|0x00000000e7000000, 0x00000000e7000000, 0x00000000e7100000|  0%| F|  |TAMS 0x00000000e7000000, 0x00000000e7000000| Untracked 
| 113|0x00000000e7100000, 0x00000000e7100000, 0x00000000e7200000|  0%| F|  |TAMS 0x00000000e7100000, 0x00000000e7100000| Untracked 
| 114|0x00000000e7200000, 0x00000000e7200000, 0x00000000e7300000|  0%| F|  |TAMS 0x00000000e7200000, 0x00000000e7200000| Untracked 
| 115|0x00000000e7300000, 0x00000000e7300000, 0x00000000e7400000|  0%| F|  |TAMS 0x00000000e7300000, 0x00000000e7300000| Untracked 
| 116|0x00000000e7400000, 0x00000000e7400000, 0x00000000e7500000|  0%| F|  |TAMS 0x00000000e7400000, 0x00000000e7400000| Untracked 
| 117|0x00000000e7500000, 0x00000000e7563048, 0x00000000e7600000| 38%| E|  |TAMS 0x00000000e7500000, 0x00000000e7500000| Complete 
| 118|0x00000000e7600000, 0x00000000e7700000, 0x00000000e7700000|100%| E|CS|TAMS 0x00000000e7600000, 0x00000000e7600000| Complete 
| 119|0x00000000e7700000, 0x00000000e7800000, 0x00000000e7800000|100%| E|CS|TAMS 0x00000000e7700000, 0x00000000e7700000| Complete 
| 120|0x00000000e7800000, 0x00000000e7900000, 0x00000000e7900000|100%| E|CS|TAMS 0x00000000e7800000, 0x00000000e7800000| Complete 
| 121|0x00000000e7900000, 0x00000000e7a00000, 0x00000000e7a00000|100%| E|CS|TAMS 0x00000000e7900000, 0x00000000e7900000| Complete 
| 122|0x00000000e7a00000, 0x00000000e7b00000, 0x00000000e7b00000|100%| E|CS|TAMS 0x00000000e7a00000, 0x00000000e7a00000| Complete 
| 123|0x00000000e7b00000, 0x00000000e7c00000, 0x00000000e7c00000|100%| E|CS|TAMS 0x00000000e7b00000, 0x00000000e7b00000| Complete 
| 124|0x00000000e7c00000, 0x00000000e7d00000, 0x00000000e7d00000|100%| E|CS|TAMS 0x00000000e7c00000, 0x00000000e7c00000| Complete 
| 125|0x00000000e7d00000, 0x00000000e7e00000, 0x00000000e7e00000|100%| E|CS|TAMS 0x00000000e7d00000, 0x00000000e7d00000| Complete 
| 126|0x00000000e7e00000, 0x00000000e7f00000, 0x00000000e7f00000|100%| E|CS|TAMS 0x00000000e7e00000, 0x00000000e7e00000| Complete 
| 127|0x00000000e7f00000, 0x00000000e8000000, 0x00000000e8000000|100%| E|CS|TAMS 0x00000000e7f00000, 0x00000000e7f00000| Complete 
| 128|0x00000000e8000000, 0x00000000e8100000, 0x00000000e8100000|100%| E|CS|TAMS 0x00000000e8000000, 0x00000000e8000000| Complete 
| 129|0x00000000e8100000, 0x00000000e8200000, 0x00000000e8200000|100%| E|CS|TAMS 0x00000000e8100000, 0x00000000e8100000| Complete 
| 130|0x00000000e8200000, 0x00000000e8300000, 0x00000000e8300000|100%| E|CS|TAMS 0x00000000e8200000, 0x00000000e8200000| Complete 
| 131|0x00000000e8300000, 0x00000000e8400000, 0x00000000e8400000|100%| E|CS|TAMS 0x00000000e8300000, 0x00000000e8300000| Complete 
| 132|0x00000000e8400000, 0x00000000e8500000, 0x00000000e8500000|100%| E|CS|TAMS 0x00000000e8400000, 0x00000000e8400000| Complete 
| 133|0x00000000e8500000, 0x00000000e8600000, 0x00000000e8600000|100%| E|CS|TAMS 0x00000000e8500000, 0x00000000e8500000| Complete 
| 134|0x00000000e8600000, 0x00000000e8700000, 0x00000000e8700000|100%| E|CS|TAMS 0x00000000e8600000, 0x00000000e8600000| Complete 
| 135|0x00000000e8700000, 0x00000000e8800000, 0x00000000e8800000|100%| E|CS|TAMS 0x00000000e8700000, 0x00000000e8700000| Complete 
| 136|0x00000000e8800000, 0x00000000e8900000, 0x00000000e8900000|100%| E|CS|TAMS 0x00000000e8800000, 0x00000000e8800000| Complete 
| 137|0x00000000e8900000, 0x00000000e8a00000, 0x00000000e8a00000|100%| E|CS|TAMS 0x00000000e8900000, 0x00000000e8900000| Complete 
| 138|0x00000000e8a00000, 0x00000000e8b00000, 0x00000000e8b00000|100%| E|CS|TAMS 0x00000000e8a00000, 0x00000000e8a00000| Complete 
| 139|0x00000000e8b00000, 0x00000000e8c00000, 0x00000000e8c00000|100%| E|CS|TAMS 0x00000000e8b00000, 0x00000000e8b00000| Complete 
| 140|0x00000000e8c00000, 0x00000000e8d00000, 0x00000000e8d00000|100%| E|CS|TAMS 0x00000000e8c00000, 0x00000000e8c00000| Complete 
| 141|0x00000000e8d00000, 0x00000000e8e00000, 0x00000000e8e00000|100%| E|CS|TAMS 0x00000000e8d00000, 0x00000000e8d00000| Complete 
| 142|0x00000000e8e00000, 0x00000000e8f00000, 0x00000000e8f00000|100%| E|CS|TAMS 0x00000000e8e00000, 0x00000000e8e00000| Complete 
| 143|0x00000000e8f00000, 0x00000000e9000000, 0x00000000e9000000|100%| E|CS|TAMS 0x00000000e8f00000, 0x00000000e8f00000| Complete 
| 144|0x00000000e9000000, 0x00000000e9100000, 0x00000000e9100000|100%| E|CS|TAMS 0x00000000e9000000, 0x00000000e9000000| Complete 
| 145|0x00000000e9100000, 0x00000000e9200000, 0x00000000e9200000|100%| E|CS|TAMS 0x00000000e9100000, 0x00000000e9100000| Complete 
| 146|0x00000000e9200000, 0x00000000e9300000, 0x00000000e9300000|100%| E|CS|TAMS 0x00000000e9200000, 0x00000000e9200000| Complete 
| 147|0x00000000e9300000, 0x00000000e9400000, 0x00000000e9400000|100%| E|CS|TAMS 0x00000000e9300000, 0x00000000e9300000| Complete 
| 148|0x00000000e9400000, 0x00000000e9500000, 0x00000000e9500000|100%| E|CS|TAMS 0x00000000e9400000, 0x00000000e9400000| Complete 
| 149|0x00000000e9500000, 0x00000000e9600000, 0x00000000e9600000|100%| E|CS|TAMS 0x00000000e9500000, 0x00000000e9500000| Complete 
| 150|0x00000000e9600000, 0x00000000e9700000, 0x00000000e9700000|100%| E|CS|TAMS 0x00000000e9600000, 0x00000000e9600000| Complete 
| 151|0x00000000e9700000, 0x00000000e9800000, 0x00000000e9800000|100%| E|CS|TAMS 0x00000000e9700000, 0x00000000e9700000| Complete 
| 152|0x00000000e9800000, 0x00000000e9900000, 0x00000000e9900000|100%| E|CS|TAMS 0x00000000e9800000, 0x00000000e9800000| Complete 
| 153|0x00000000e9900000, 0x00000000e9a00000, 0x00000000e9a00000|100%| E|CS|TAMS 0x00000000e9900000, 0x00000000e9900000| Complete 
| 154|0x00000000e9a00000, 0x00000000e9b00000, 0x00000000e9b00000|100%| E|CS|TAMS 0x00000000e9a00000, 0x00000000e9a00000| Complete 
| 155|0x00000000e9b00000, 0x00000000e9c00000, 0x00000000e9c00000|100%| E|CS|TAMS 0x00000000e9b00000, 0x00000000e9b00000| Complete 
| 156|0x00000000e9c00000, 0x00000000e9d00000, 0x00000000e9d00000|100%| E|CS|TAMS 0x00000000e9c00000, 0x00000000e9c00000| Complete 
| 157|0x00000000e9d00000, 0x00000000e9e00000, 0x00000000e9e00000|100%| E|CS|TAMS 0x00000000e9d00000, 0x00000000e9d00000| Complete 
| 158|0x00000000e9e00000, 0x00000000e9f00000, 0x00000000e9f00000|100%| E|CS|TAMS 0x00000000e9e00000, 0x00000000e9e00000| Complete 
| 159|0x00000000e9f00000, 0x00000000ea000000, 0x00000000ea000000|100%| E|CS|TAMS 0x00000000e9f00000, 0x00000000e9f00000| Complete 
| 160|0x00000000ea000000, 0x00000000ea100000, 0x00000000ea100000|100%| E|CS|TAMS 0x00000000ea000000, 0x00000000ea000000| Complete 
| 161|0x00000000ea100000, 0x00000000ea200000, 0x00000000ea200000|100%| E|CS|TAMS 0x00000000ea100000, 0x00000000ea100000| Complete 
| 162|0x00000000ea200000, 0x00000000ea300000, 0x00000000ea300000|100%| E|CS|TAMS 0x00000000ea200000, 0x00000000ea200000| Complete 
| 163|0x00000000ea300000, 0x00000000ea400000, 0x00000000ea400000|100%| E|CS|TAMS 0x00000000ea300000, 0x00000000ea300000| Complete 
| 164|0x00000000ea400000, 0x00000000ea500000, 0x00000000ea500000|100%| E|CS|TAMS 0x00000000ea400000, 0x00000000ea400000| Complete 
| 165|0x00000000ea500000, 0x00000000ea600000, 0x00000000ea600000|100%| E|CS|TAMS 0x00000000ea500000, 0x00000000ea500000| Complete 
| 166|0x00000000ea600000, 0x00000000ea700000, 0x00000000ea700000|100%| E|CS|TAMS 0x00000000ea600000, 0x00000000ea600000| Complete 
| 167|0x00000000ea700000, 0x00000000ea800000, 0x00000000ea800000|100%| E|CS|TAMS 0x00000000ea700000, 0x00000000ea700000| Complete 
| 168|0x00000000ea800000, 0x00000000ea900000, 0x00000000ea900000|100%| E|CS|TAMS 0x00000000ea800000, 0x00000000ea800000| Complete 
| 169|0x00000000ea900000, 0x00000000eaa00000, 0x00000000eaa00000|100%| E|CS|TAMS 0x00000000ea900000, 0x00000000ea900000| Complete 
| 170|0x00000000eaa00000, 0x00000000eab00000, 0x00000000eab00000|100%| E|CS|TAMS 0x00000000eaa00000, 0x00000000eaa00000| Complete 
| 171|0x00000000eab00000, 0x00000000eac00000, 0x00000000eac00000|100%| E|CS|TAMS 0x00000000eab00000, 0x00000000eab00000| Complete 
| 172|0x00000000eac00000, 0x00000000ead00000, 0x00000000ead00000|100%| E|CS|TAMS 0x00000000eac00000, 0x00000000eac00000| Complete 
| 173|0x00000000ead00000, 0x00000000eae00000, 0x00000000eae00000|100%| E|CS|TAMS 0x00000000ead00000, 0x00000000ead00000| Complete 
| 174|0x00000000eae00000, 0x00000000eaf00000, 0x00000000eaf00000|100%| E|CS|TAMS 0x00000000eae00000, 0x00000000eae00000| Complete 
| 175|0x00000000eaf00000, 0x00000000eb000000, 0x00000000eb000000|100%| E|CS|TAMS 0x00000000eaf00000, 0x00000000eaf00000| Complete 
| 176|0x00000000eb000000, 0x00000000eb100000, 0x00000000eb100000|100%| E|CS|TAMS 0x00000000eb000000, 0x00000000eb000000| Complete 
| 177|0x00000000eb100000, 0x00000000eb200000, 0x00000000eb200000|100%| E|CS|TAMS 0x00000000eb100000, 0x00000000eb100000| Complete 
| 178|0x00000000eb200000, 0x00000000eb300000, 0x00000000eb300000|100%| E|CS|TAMS 0x00000000eb200000, 0x00000000eb200000| Complete 
| 179|0x00000000eb300000, 0x00000000eb400000, 0x00000000eb400000|100%| E|CS|TAMS 0x00000000eb300000, 0x00000000eb300000| Complete 
| 180|0x00000000eb400000, 0x00000000eb500000, 0x00000000eb500000|100%| E|CS|TAMS 0x00000000eb400000, 0x00000000eb400000| Complete 
| 181|0x00000000eb500000, 0x00000000eb600000, 0x00000000eb600000|100%| E|CS|TAMS 0x00000000eb500000, 0x00000000eb500000| Complete 
| 182|0x00000000eb600000, 0x00000000eb700000, 0x00000000eb700000|100%| E|CS|TAMS 0x00000000eb600000, 0x00000000eb600000| Complete 
| 183|0x00000000eb700000, 0x00000000eb800000, 0x00000000eb800000|100%| E|CS|TAMS 0x00000000eb700000, 0x00000000eb700000| Complete 
| 184|0x00000000eb800000, 0x00000000eb900000, 0x00000000eb900000|100%| E|CS|TAMS 0x00000000eb800000, 0x00000000eb800000| Complete 
| 185|0x00000000eb900000, 0x00000000eba00000, 0x00000000eba00000|100%| E|CS|TAMS 0x00000000eb900000, 0x00000000eb900000| Complete 
| 186|0x00000000eba00000, 0x00000000ebb00000, 0x00000000ebb00000|100%| E|CS|TAMS 0x00000000eba00000, 0x00000000eba00000| Complete 
| 187|0x00000000ebb00000, 0x00000000ebc00000, 0x00000000ebc00000|100%| E|CS|TAMS 0x00000000ebb00000, 0x00000000ebb00000| Complete 
| 188|0x00000000ebc00000, 0x00000000ebd00000, 0x00000000ebd00000|100%| E|CS|TAMS 0x00000000ebc00000, 0x00000000ebc00000| Complete 
| 189|0x00000000ebd00000, 0x00000000ebe00000, 0x00000000ebe00000|100%| E|CS|TAMS 0x00000000ebd00000, 0x00000000ebd00000| Complete 
| 190|0x00000000ebe00000, 0x00000000ebf00000, 0x00000000ebf00000|100%| E|CS|TAMS 0x00000000ebe00000, 0x00000000ebe00000| Complete 
| 191|0x00000000ebf00000, 0x00000000ec000000, 0x00000000ec000000|100%| E|CS|TAMS 0x00000000ebf00000, 0x00000000ebf00000| Complete 
| 192|0x00000000ec000000, 0x00000000ec100000, 0x00000000ec100000|100%| E|CS|TAMS 0x00000000ec000000, 0x00000000ec000000| Complete 
| 193|0x00000000ec100000, 0x00000000ec200000, 0x00000000ec200000|100%| E|CS|TAMS 0x00000000ec100000, 0x00000000ec100000| Complete 
| 194|0x00000000ec200000, 0x00000000ec300000, 0x00000000ec300000|100%| E|CS|TAMS 0x00000000ec200000, 0x00000000ec200000| Complete 
| 195|0x00000000ec300000, 0x00000000ec400000, 0x00000000ec400000|100%| E|CS|TAMS 0x00000000ec300000, 0x00000000ec300000| Complete 
| 196|0x00000000ec400000, 0x00000000ec500000, 0x00000000ec500000|100%| E|CS|TAMS 0x00000000ec400000, 0x00000000ec400000| Complete 
| 197|0x00000000ec500000, 0x00000000ec600000, 0x00000000ec600000|100%| E|CS|TAMS 0x00000000ec500000, 0x00000000ec500000| Complete 
| 198|0x00000000ec600000, 0x00000000ec700000, 0x00000000ec700000|100%| E|CS|TAMS 0x00000000ec600000, 0x00000000ec600000| Complete 
| 199|0x00000000ec700000, 0x00000000ec800000, 0x00000000ec800000|100%| E|CS|TAMS 0x00000000ec700000, 0x00000000ec700000| Complete 
| 200|0x00000000ec800000, 0x00000000ec900000, 0x00000000ec900000|100%| E|CS|TAMS 0x00000000ec800000, 0x00000000ec800000| Complete 
| 201|0x00000000ec900000, 0x00000000eca00000, 0x00000000eca00000|100%| E|CS|TAMS 0x00000000ec900000, 0x00000000ec900000| Complete 
| 202|0x00000000eca00000, 0x00000000ecb00000, 0x00000000ecb00000|100%| E|CS|TAMS 0x00000000eca00000, 0x00000000eca00000| Complete 
| 203|0x00000000ecb00000, 0x00000000ecc00000, 0x00000000ecc00000|100%| E|CS|TAMS 0x00000000ecb00000, 0x00000000ecb00000| Complete 
| 204|0x00000000ecc00000, 0x00000000ecd00000, 0x00000000ecd00000|100%| E|CS|TAMS 0x00000000ecc00000, 0x00000000ecc00000| Complete 
| 205|0x00000000ecd00000, 0x00000000ece00000, 0x00000000ece00000|100%| E|CS|TAMS 0x00000000ecd00000, 0x00000000ecd00000| Complete 
| 206|0x00000000ece00000, 0x00000000ecf00000, 0x00000000ecf00000|100%| E|CS|TAMS 0x00000000ece00000, 0x00000000ece00000| Complete 
| 207|0x00000000ecf00000, 0x00000000ed000000, 0x00000000ed000000|100%| E|CS|TAMS 0x00000000ecf00000, 0x00000000ecf00000| Complete 
| 208|0x00000000ed000000, 0x00000000ed100000, 0x00000000ed100000|100%| E|CS|TAMS 0x00000000ed000000, 0x00000000ed000000| Complete 
| 209|0x00000000ed100000, 0x00000000ed200000, 0x00000000ed200000|100%| E|CS|TAMS 0x00000000ed100000, 0x00000000ed100000| Complete 
| 210|0x00000000ed200000, 0x00000000ed300000, 0x00000000ed300000|100%| E|CS|TAMS 0x00000000ed200000, 0x00000000ed200000| Complete 
| 211|0x00000000ed300000, 0x00000000ed400000, 0x00000000ed400000|100%| E|CS|TAMS 0x00000000ed300000, 0x00000000ed300000| Complete 
| 212|0x00000000ed400000, 0x00000000ed500000, 0x00000000ed500000|100%| E|CS|TAMS 0x00000000ed400000, 0x00000000ed400000| Complete 
| 213|0x00000000ed500000, 0x00000000ed600000, 0x00000000ed600000|100%| E|CS|TAMS 0x00000000ed500000, 0x00000000ed500000| Complete 
| 214|0x00000000ed600000, 0x00000000ed700000, 0x00000000ed700000|100%| E|CS|TAMS 0x00000000ed600000, 0x00000000ed600000| Complete 
| 215|0x00000000ed700000, 0x00000000ed800000, 0x00000000ed800000|100%| E|CS|TAMS 0x00000000ed700000, 0x00000000ed700000| Complete 
| 216|0x00000000ed800000, 0x00000000ed900000, 0x00000000ed900000|100%| E|CS|TAMS 0x00000000ed800000, 0x00000000ed800000| Complete 
| 217|0x00000000ed900000, 0x00000000eda00000, 0x00000000eda00000|100%| E|CS|TAMS 0x00000000ed900000, 0x00000000ed900000| Complete 
| 218|0x00000000eda00000, 0x00000000edb00000, 0x00000000edb00000|100%| E|CS|TAMS 0x00000000eda00000, 0x00000000eda00000| Complete 
| 219|0x00000000edb00000, 0x00000000edc00000, 0x00000000edc00000|100%| E|CS|TAMS 0x00000000edb00000, 0x00000000edb00000| Complete 
| 220|0x00000000edc00000, 0x00000000edd00000, 0x00000000edd00000|100%| E|CS|TAMS 0x00000000edc00000, 0x00000000edc00000| Complete 
| 221|0x00000000edd00000, 0x00000000ede00000, 0x00000000ede00000|100%| E|CS|TAMS 0x00000000edd00000, 0x00000000edd00000| Complete 
| 222|0x00000000ede00000, 0x00000000edf00000, 0x00000000edf00000|100%| E|CS|TAMS 0x00000000ede00000, 0x00000000ede00000| Complete 
| 223|0x00000000edf00000, 0x00000000ee000000, 0x00000000ee000000|100%| E|CS|TAMS 0x00000000edf00000, 0x00000000edf00000| Complete 
| 224|0x00000000ee000000, 0x00000000ee100000, 0x00000000ee100000|100%| E|CS|TAMS 0x00000000ee000000, 0x00000000ee000000| Complete 
| 225|0x00000000ee100000, 0x00000000ee200000, 0x00000000ee200000|100%| E|CS|TAMS 0x00000000ee100000, 0x00000000ee100000| Complete 
| 226|0x00000000ee200000, 0x00000000ee300000, 0x00000000ee300000|100%| E|CS|TAMS 0x00000000ee200000, 0x00000000ee200000| Complete 
| 227|0x00000000ee300000, 0x00000000ee400000, 0x00000000ee400000|100%| E|CS|TAMS 0x00000000ee300000, 0x00000000ee300000| Complete 
| 228|0x00000000ee400000, 0x00000000ee500000, 0x00000000ee500000|100%| E|CS|TAMS 0x00000000ee400000, 0x00000000ee400000| Complete 
| 229|0x00000000ee500000, 0x00000000ee600000, 0x00000000ee600000|100%| E|CS|TAMS 0x00000000ee500000, 0x00000000ee500000| Complete 
| 230|0x00000000ee600000, 0x00000000ee700000, 0x00000000ee700000|100%| E|CS|TAMS 0x00000000ee600000, 0x00000000ee600000| Complete 
| 231|0x00000000ee700000, 0x00000000ee800000, 0x00000000ee800000|100%| E|CS|TAMS 0x00000000ee700000, 0x00000000ee700000| Complete 
| 232|0x00000000ee800000, 0x00000000ee900000, 0x00000000ee900000|100%| E|CS|TAMS 0x00000000ee800000, 0x00000000ee800000| Complete 
| 233|0x00000000ee900000, 0x00000000eea00000, 0x00000000eea00000|100%| E|CS|TAMS 0x00000000ee900000, 0x00000000ee900000| Complete 
| 234|0x00000000eea00000, 0x00000000eeb00000, 0x00000000eeb00000|100%| E|CS|TAMS 0x00000000eea00000, 0x00000000eea00000| Complete 
| 235|0x00000000eeb00000, 0x00000000eec00000, 0x00000000eec00000|100%| E|CS|TAMS 0x00000000eeb00000, 0x00000000eeb00000| Complete 
| 236|0x00000000eec00000, 0x00000000eed00000, 0x00000000eed00000|100%| E|CS|TAMS 0x00000000eec00000, 0x00000000eec00000| Complete 
| 237|0x00000000eed00000, 0x00000000eee00000, 0x00000000eee00000|100%| E|CS|TAMS 0x00000000eed00000, 0x00000000eed00000| Complete 
| 238|0x00000000eee00000, 0x00000000eef00000, 0x00000000eef00000|100%| E|CS|TAMS 0x00000000eee00000, 0x00000000eee00000| Complete 
| 239|0x00000000eef00000, 0x00000000ef000000, 0x00000000ef000000|100%| E|CS|TAMS 0x00000000eef00000, 0x00000000eef00000| Complete 
| 240|0x00000000ef000000, 0x00000000ef100000, 0x00000000ef100000|100%| E|CS|TAMS 0x00000000ef000000, 0x00000000ef000000| Complete 
| 241|0x00000000ef100000, 0x00000000ef200000, 0x00000000ef200000|100%| E|CS|TAMS 0x00000000ef100000, 0x00000000ef100000| Complete 
| 242|0x00000000ef200000, 0x00000000ef300000, 0x00000000ef300000|100%| E|CS|TAMS 0x00000000ef200000, 0x00000000ef200000| Complete 
| 243|0x00000000ef300000, 0x00000000ef400000, 0x00000000ef400000|100%| E|CS|TAMS 0x00000000ef300000, 0x00000000ef300000| Complete 
| 244|0x00000000ef400000, 0x00000000ef500000, 0x00000000ef500000|100%| E|CS|TAMS 0x00000000ef400000, 0x00000000ef400000| Complete 
| 245|0x00000000ef500000, 0x00000000ef600000, 0x00000000ef600000|100%| E|CS|TAMS 0x00000000ef500000, 0x00000000ef500000| Complete 
| 246|0x00000000ef600000, 0x00000000ef700000, 0x00000000ef700000|100%| E|CS|TAMS 0x00000000ef600000, 0x00000000ef600000| Complete 
| 247|0x00000000ef700000, 0x00000000ef800000, 0x00000000ef800000|100%| E|CS|TAMS 0x00000000ef700000, 0x00000000ef700000| Complete 
| 248|0x00000000ef800000, 0x00000000ef900000, 0x00000000ef900000|100%| E|CS|TAMS 0x00000000ef800000, 0x00000000ef800000| Complete 
| 249|0x00000000ef900000, 0x00000000efa00000, 0x00000000efa00000|100%| E|CS|TAMS 0x00000000ef900000, 0x00000000ef900000| Complete 
| 250|0x00000000efa00000, 0x00000000efb00000, 0x00000000efb00000|100%| E|CS|TAMS 0x00000000efa00000, 0x00000000efa00000| Complete 
| 251|0x00000000efb00000, 0x00000000efc00000, 0x00000000efc00000|100%| E|CS|TAMS 0x00000000efb00000, 0x00000000efb00000| Complete 
| 252|0x00000000efc00000, 0x00000000efd00000, 0x00000000efd00000|100%| E|CS|TAMS 0x00000000efc00000, 0x00000000efc00000| Complete 
| 253|0x00000000efd00000, 0x00000000efe00000, 0x00000000efe00000|100%| E|CS|TAMS 0x00000000efd00000, 0x00000000efd00000| Complete 
| 254|0x00000000efe00000, 0x00000000eff00000, 0x00000000eff00000|100%| E|CS|TAMS 0x00000000efe00000, 0x00000000efe00000| Complete 
| 255|0x00000000eff00000, 0x00000000f0000000, 0x00000000f0000000|100%| E|CS|TAMS 0x00000000eff00000, 0x00000000eff00000| Complete 

Card table byte_map: [0x000002019c0d0000,0x000002019c1d0000] _byte_map_base: 0x000002019b9d0000

Marking Bits (Prev, Next): (CMBitMap*) 0x0000020184690090, (CMBitMap*) 0x0000020184690058
 Prev Bits: [0x000002019cad0000, 0x000002019d2d0000)
 Next Bits: [0x000002019c2d0000, 0x000002019cad0000)

Polling page: 0x0000020182d00000

Metaspace:

Usage:
  Non-class:     58.47 MB capacity,    57.47 MB ( 98%) used,   884.03 KB (  1%) free+waste,   147.31 KB ( <1%) overhead. 
      Class:      8.06 MB capacity,     7.64 MB ( 95%) used,   375.76 KB (  5%) free+waste,    61.44 KB ( <1%) overhead. 
       Both:     66.54 MB capacity,    65.10 MB ( 98%) used,     1.23 MB (  2%) free+waste,   208.75 KB ( <1%) overhead. 

Virtual space:
  Non-class space:       60.00 MB reserved,      58.71 MB ( 98%) committed 
      Class space:      248.00 MB reserved,       8.12 MB (  3%) committed 
             Both:      308.00 MB reserved,      66.83 MB ( 22%) committed 

Chunk freelists:
   Non-Class:  6.00 KB
       Class:  0 bytes
        Both:  6.00 KB

CodeHeap 'non-profiled nmethods': size=120064Kb used=10887Kb max_used=10887Kb free=109176Kb
 bounds [0x0000020194470000, 0x0000020194f20000, 0x000002019b9b0000]
CodeHeap 'profiled nmethods': size=120000Kb used=30812Kb max_used=31899Kb free=89187Kb
 bounds [0x000002018cf40000, 0x000002018eea0000, 0x0000020194470000]
CodeHeap 'non-nmethods': size=5696Kb used=2248Kb max_used=2316Kb free=3447Kb
 bounds [0x000002018c9b0000, 0x000002018cc20000, 0x000002018cf40000]
 total_blobs=21446 nmethods=13327 adapters=743
 compilation: enabled
              stopped_count=0, restarted_count=0
 full_count=0

Compilation events (10 events):
Event: 10744.910 Thread 0x000002019f913800 16440       1       org.gradle.api.internal.tasks.properties.DefaultTaskProperties::getLifecycleAwareValues (5 bytes)
Event: 10744.910 Thread 0x000002019f913800 nmethod 16440 0x0000020194f12d90 code [0x0000020194f12f40, 0x0000020194f13058]
Event: 10744.910 Thread 0x000002019f913800 16441       1       org.gradle.api.internal.tasks.properties.AbstractValidatingProperty::cleanupValue (1 bytes)
Event: 10744.910 Thread 0x000002019f913800 nmethod 16441 0x0000020194f13110 code [0x0000020194f132c0, 0x0000020194f133d8]
Event: 10744.910 Thread 0x000002019f913800 16442       1       org.gradle.api.internal.tasks.DefaultTaskOutputs::setPreviousOutputFiles (6 bytes)
Event: 10744.910 Thread 0x000002019f913800 nmethod 16442 0x0000020194f13490 code [0x0000020194f13640, 0x0000020194f13798]
Event: 10744.910 Thread 0x000002019f913800 16443       1       org.gradle.api.internal.tasks.execution.DefaultTaskExecutionContext::setTaskExecutionMode (6 bytes)
Event: 10744.910 Thread 0x000002019f913800 nmethod 16443 0x0000020194f13810 code [0x0000020194f139c0, 0x0000020194f13b18]
Event: 10744.910 Thread 0x000002019f913800 16444       1       org.gradle.api.internal.tasks.execution.DefaultTaskExecutionContext::setTaskProperties (6 bytes)
Event: 10744.911 Thread 0x000002019f913800 nmethod 16444 0x0000020194f13b90 code [0x0000020194f13d40, 0x0000020194f13e98]

GC Heap History (10 events):
Event: 10711.913 GC heap before
{Heap before GC invocations=25 (full 0):
 garbage-first heap   total 262144K, used 201764K [0x00000000e0000000, 0x0000000100000000)
  region size 1024K, 153 young (156672K), 6 survivors (6144K)
 Metaspace       used 66225K, capacity 67657K, committed 67920K, reserved 315392K
  class space    used 7815K, capacity 8250K, committed 8316K, reserved 253952K
}
Event: 10711.938 GC heap after
{Heap after GC invocations=26 (full 0):
 garbage-first heap   total 262144K, used 61317K [0x00000000e0000000, 0x0000000100000000)
  region size 1024K, 15 young (15360K), 15 survivors (15360K)
 Metaspace       used 66225K, capacity 67657K, committed 67920K, reserved 315392K
  class space    used 7815K, capacity 8250K, committed 8316K, reserved 253952K
}
Event: 10717.179 GC heap before
{Heap before GC invocations=26 (full 0):
 garbage-first heap   total 262144K, used 201605K [0x00000000e0000000, 0x0000000100000000)
  region size 1024K, 153 young (156672K), 15 survivors (15360K)
 Metaspace       used 66352K, capacity 67794K, committed 67920K, reserved 315392K
  class space    used 7816K, capacity 8252K, committed 8316K, reserved 253952K
}
Event: 10717.193 GC heap after
{Heap after GC invocations=27 (full 0):
 garbage-first heap   total 262144K, used 60447K [0x00000000e0000000, 0x0000000100000000)
  region size 1024K, 11 young (11264K), 11 survivors (11264K)
 Metaspace       used 66352K, capacity 67794K, committed 67920K, reserved 315392K
  class space    used 7816K, capacity 8252K, committed 8316K, reserved 253952K
}
Event: 10726.933 GC heap before
{Heap before GC invocations=27 (full 0):
 garbage-first heap   total 262144K, used 205855K [0x00000000e0000000, 0x0000000100000000)
  region size 1024K, 153 young (156672K), 11 survivors (11264K)
 Metaspace       used 66499K, capacity 67990K, committed 68176K, reserved 315392K
  class space    used 7816K, capacity 8252K, committed 8316K, reserved 253952K
}
Event: 10726.942 GC heap after
{Heap after GC invocations=28 (full 0):
 garbage-first heap   total 262144K, used 59395K [0x00000000e0000000, 0x0000000100000000)
  region size 1024K, 10 young (10240K), 10 survivors (10240K)
 Metaspace       used 66499K, capacity 67990K, committed 68176K, reserved 315392K
  class space    used 7816K, capacity 8252K, committed 8316K, reserved 253952K
}
Event: 10739.768 GC heap before
{Heap before GC invocations=28 (full 0):
 garbage-first heap   total 262144K, used 204803K [0x00000000e0000000, 0x0000000100000000)
  region size 1024K, 153 young (156672K), 10 survivors (10240K)
 Metaspace       used 66561K, capacity 67990K, committed 68176K, reserved 315392K
  class space    used 7816K, capacity 8252K, committed 8316K, reserved 253952K
}
Event: 10739.777 GC heap after
{Heap after GC invocations=29 (full 0):
 garbage-first heap   total 262144K, used 58314K [0x00000000e0000000, 0x0000000100000000)
  region size 1024K, 9 young (9216K), 9 survivors (9216K)
 Metaspace       used 66561K, capacity 67990K, committed 68176K, reserved 315392K
  class space    used 7816K, capacity 8252K, committed 8316K, reserved 253952K
}
Event: 10744.115 GC heap before
{Heap before GC invocations=29 (full 0):
 garbage-first heap   total 262144K, used 204746K [0x00000000e0000000, 0x0000000100000000)
  region size 1024K, 153 young (156672K), 9 survivors (9216K)
 Metaspace       used 66646K, capacity 68126K, committed 68432K, reserved 315392K
  class space    used 7817K, capacity 8254K, committed 8316K, reserved 253952K
}
Event: 10744.123 GC heap after
{Heap after GC invocations=30 (full 0):
 garbage-first heap   total 262144K, used 57313K [0x00000000e0000000, 0x0000000100000000)
  region size 1024K, 8 young (8192K), 8 survivors (8192K)
 Metaspace       used 66646K, capacity 68126K, committed 68432K, reserved 315392K
  class space    used 7817K, capacity 8254K, committed 8316K, reserved 253952K
}

Deoptimization events (10 events):
Event: 10728.341 Thread 0x00000201a5061000 Uncommon trap: reason=array_check action=maybe_recompile pc=0x0000020194e60678 method=java.util.stream.Nodes$FixedNodeBuilder.accept(Ljava/lang/Object;)V @ 28 c2
Event: 10728.341 Thread 0x00000201a5061000 Uncommon trap: reason=array_check action=maybe_recompile pc=0x0000020194e60678 method=java.util.stream.Nodes$FixedNodeBuilder.accept(Ljava/lang/Object;)V @ 28 c2
Event: 10728.341 Thread 0x00000201a5061000 Uncommon trap: reason=array_check action=maybe_recompile pc=0x0000020194e60678 method=java.util.stream.Nodes$FixedNodeBuilder.accept(Ljava/lang/Object;)V @ 28 c2
Event: 10728.549 Thread 0x00000201a674e800 Uncommon trap: reason=unstable_if action=reinterpret pc=0x0000020194758628 method=java.util.concurrent.ConcurrentHashMap.addCount(JI)V @ 97 c2
Event: 10741.352 Thread 0x00000201a5069000 Uncommon trap: reason=unstable_if action=reinterpret pc=0x0000020194963974 method=java.util.concurrent.ConcurrentHashMap.addCount(JI)V @ 97 c2
Event: 10743.796 Thread 0x00000201a5061000 Uncommon trap: reason=profile_predicate action=maybe_recompile pc=0x0000020194ea7024 method=org.gradle.internal.serialize.kryo.StringDeduplicatingKryoBackedEncoder$IndexedStringSet$MultiListStringSet.register(Ljava/lang/String;)Lorg/gradle/internal/serial
Event: 10744.493 Thread 0x00000201a5061000 Uncommon trap: reason=class_check action=maybe_recompile pc=0x0000020194ecdff0 method=com.google.common.collect.SingletonImmutableSet.contains(Ljava/lang/Object;)Z @ 5 c2
Event: 10744.493 Thread 0x00000201a5061000 Uncommon trap: reason=class_check action=maybe_recompile pc=0x0000020194ecdff0 method=com.google.common.collect.SingletonImmutableSet.contains(Ljava/lang/Object;)Z @ 5 c2
Event: 10744.493 Thread 0x00000201a5061000 Uncommon trap: reason=class_check action=maybe_recompile pc=0x0000020194ecdff0 method=com.google.common.collect.SingletonImmutableSet.contains(Ljava/lang/Object;)Z @ 5 c2
Event: 10744.493 Thread 0x00000201a5061000 Uncommon trap: reason=class_check action=maybe_recompile pc=0x0000020194ecdff0 method=com.google.common.collect.SingletonImmutableSet.contains(Ljava/lang/Object;)Z @ 5 c2

Classes redefined (0 events):
No events

Internal exceptions (10 events):
Event: 10744.754 Thread 0x00000201a5061000 Exception <a 'sun/nio/fs/WindowsException'{0x00000000e81d1790}> (0x00000000e81d1790) thrown at [t:/workspace/open/src/hotspot/share/prims/jni.cpp, line 615]
Event: 10744.756 Thread 0x00000201a5061000 Exception <a 'sun/nio/fs/WindowsException'{0x00000000e81e2888}> (0x00000000e81e2888) thrown at [t:/workspace/open/src/hotspot/share/prims/jni.cpp, line 615]
Event: 10744.760 Thread 0x00000201a5061000 Exception <a 'sun/nio/fs/WindowsException'{0x00000000e800d270}> (0x00000000e800d270) thrown at [t:/workspace/open/src/hotspot/share/prims/jni.cpp, line 615]
Event: 10744.762 Thread 0x00000201a5061000 Exception <a 'sun/nio/fs/WindowsException'{0x00000000e8020518}> (0x00000000e8020518) thrown at [t:/workspace/open/src/hotspot/share/prims/jni.cpp, line 615]
Event: 10744.764 Thread 0x00000201a5061000 Exception <a 'sun/nio/fs/WindowsException'{0x00000000e80310b0}> (0x00000000e80310b0) thrown at [t:/workspace/open/src/hotspot/share/prims/jni.cpp, line 615]
Event: 10744.770 Thread 0x00000201a5061000 Exception <a 'sun/nio/fs/WindowsException'{0x00000000e80b5e88}> (0x00000000e80b5e88) thrown at [t:/workspace/open/src/hotspot/share/prims/jni.cpp, line 615]
Event: 10744.775 Thread 0x00000201a5061000 Exception <a 'sun/nio/fs/WindowsException'{0x00000000e7f05190}> (0x00000000e7f05190) thrown at [t:/workspace/open/src/hotspot/share/prims/jni.cpp, line 615]
Event: 10744.779 Thread 0x00000201a5061000 Exception <a 'sun/nio/fs/WindowsException'{0x00000000e7f42988}> (0x00000000e7f42988) thrown at [t:/workspace/open/src/hotspot/share/prims/jni.cpp, line 615]
Event: 10744.784 Thread 0x00000201a5061000 Exception <a 'sun/nio/fs/WindowsException'{0x00000000e7f84828}> (0x00000000e7f84828) thrown at [t:/workspace/open/src/hotspot/share/prims/jni.cpp, line 615]
Event: 10744.792 Thread 0x00000201a5061000 Exception <a 'sun/nio/fs/WindowsException'{0x00000000e7e23e10}> (0x00000000e7e23e10) thrown at [t:/workspace/open/src/hotspot/share/prims/jni.cpp, line 615]

Events (10 events):
Event: 10744.945 Executing VM operation: RevokeBias
Event: 10744.945 Executing VM operation: RevokeBias done
Event: 10744.963 Executing VM operation: RevokeBias
Event: 10744.963 Executing VM operation: RevokeBias done
Event: 10744.963 Executing VM operation: RevokeBias
Event: 10744.964 Executing VM operation: RevokeBias done
Event: 10744.964 Executing VM operation: RevokeBias
Event: 10744.964 Executing VM operation: RevokeBias done
Event: 10744.964 Executing VM operation: RevokeBias
Event: 10744.964 Executing VM operation: RevokeBias done


Dynamic libraries:
0x00007ff662bc0000 - 0x00007ff662c07000 	C:\Program Files\Java\jdk-11.0.2\bin\java.exe
0x00007ffc59d90000 - 0x00007ffc59f51000 	C:\Windows\SYSTEM32\ntdll.dll
0x00007ffc59c30000 - 0x00007ffc59cdd000 	C:\Windows\system32\KERNEL32.DLL
0x00007ffc565d0000 - 0x00007ffc567b8000 	C:\Windows\system32\KERNELBASE.dll
0x00007ffc59ce0000 - 0x00007ffc59d87000 	C:\Windows\system32\ADVAPI32.dll
0x00007ffc59480000 - 0x00007ffc5951d000 	C:\Windows\system32\msvcrt.dll
0x00007ffc59b00000 - 0x00007ffc59b5b000 	C:\Windows\system32\sechost.dll
0x00007ffc596d0000 - 0x00007ffc597ec000 	C:\Windows\system32\RPCRT4.dll
0x00007ffc59090000 - 0x00007ffc591e6000 	C:\Windows\system32\USER32.dll
0x00007ffc598b0000 - 0x00007ffc59a36000 	C:\Windows\system32\GDI32.dll
0x00007ffc491e0000 - 0x00007ffc49454000 	C:\Windows\WinSxS\amd64_microsoft.windows.common-controls_6595b64144ccf1df_6.0.10586.0_none_8c15ae12515e1c22\COMCTL32.dll
0x00007ffc4fa00000 - 0x00007ffc4fa0a000 	C:\Windows\SYSTEM32\VERSION.dll
0x00007ffc588c0000 - 0x00007ffc58b3d000 	C:\Windows\system32\combase.dll
0x00007ffc56870000 - 0x00007ffc568da000 	C:\Windows\system32\bcryptPrimitives.dll
0x00007ffc59a40000 - 0x00007ffc59a7b000 	C:\Windows\system32\IMM32.DLL
0x00007ffc4a100000 - 0x00007ffc4a116000 	C:\Program Files\Java\jdk-11.0.2\bin\vcruntime140.dll
0x0000020184560000 - 0x0000020184654000 	C:\Windows\SYSTEM32\ucrtbase.dll
0x00007ffc4a050000 - 0x00007ffc4a0fa000 	C:\Program Files\Java\jdk-11.0.2\bin\msvcp140.dll
0x00007ffc20db0000 - 0x00007ffc218d7000 	C:\Program Files\Java\jdk-11.0.2\bin\server\jvm.dll
0x00007ffc59a80000 - 0x00007ffc59a88000 	C:\Windows\system32\PSAPI.DLL
0x00007ffc453f0000 - 0x00007ffc453f9000 	C:\Windows\SYSTEM32\WSOCK32.dll
0x00007ffc547b0000 - 0x00007ffc547d3000 	C:\Windows\SYSTEM32\WINMM.dll
0x00007ffc59a90000 - 0x00007ffc59afb000 	C:\Windows\system32\WS2_32.dll
0x00007ffc54690000 - 0x00007ffc546bc000 	C:\Windows\SYSTEM32\WINMMBASE.dll
0x00007ffc56460000 - 0x00007ffc564a3000 	C:\Windows\system32\cfgmgr32.dll
0x00007ffc56410000 - 0x00007ffc5641f000 	C:\Windows\system32\kernel.appcore.dll
0x00007ffc4a030000 - 0x00007ffc4a041000 	C:\Program Files\Java\jdk-11.0.2\bin\verify.dll
0x00007ffc2e500000 - 0x00007ffc2e68c000 	C:\Windows\SYSTEM32\DBGHELP.DLL
0x00007ffc31330000 - 0x00007ffc31355000 	C:\Windows\SYSTEM32\dbgcore.DLL
0x00007ffc4a000000 - 0x00007ffc4a029000 	C:\Program Files\Java\jdk-11.0.2\bin\java.dll
0x00007ffc49fe0000 - 0x00007ffc49ff6000 	C:\Program Files\Java\jdk-11.0.2\bin\zip.dll
0x00007ffc49fd0000 - 0x00007ffc49fda000 	C:\Program Files\Java\jdk-11.0.2\bin\jimage.dll
0x00007ffc57360000 - 0x00007ffc588bc000 	C:\Windows\system32\SHELL32.dll
0x00007ffc56b40000 - 0x00007ffc57184000 	C:\Windows\system32\windows.storage.dll
0x00007ffc597f0000 - 0x00007ffc59842000 	C:\Windows\system32\shlwapi.dll
0x00007ffc56510000 - 0x00007ffc565c5000 	C:\Windows\system32\shcore.dll
0x00007ffc563c0000 - 0x00007ffc5640b000 	C:\Windows\system32\powrprof.dll
0x00007ffc56420000 - 0x00007ffc56434000 	C:\Windows\system32\profapi.dll
0x00007ffc49fb0000 - 0x00007ffc49fc9000 	C:\Program Files\Java\jdk-11.0.2\bin\net.dll
0x00007ffc43600000 - 0x00007ffc437b7000 	C:\Windows\SYSTEM32\urlmon.dll
0x00007ffc4c0a0000 - 0x00007ffc4c168000 	C:\Windows\SYSTEM32\WINHTTP.dll
0x00007ffc4b8b0000 - 0x00007ffc4bc34000 	C:\Windows\SYSTEM32\iertutil.dll
0x00007ffc55ce0000 - 0x00007ffc55d3c000 	C:\Windows\system32\mswsock.dll
0x00007ffc49f90000 - 0x00007ffc49fa3000 	C:\Program Files\Java\jdk-11.0.2\bin\nio.dll
0x00007ffc4a120000 - 0x00007ffc4a146000 	C:\Users\M. Kharisma Ramadhan\.gradle\native\29\windows-amd64\native-platform.dll
0x00007ffc49f80000 - 0x00007ffc49f89000 	C:\Program Files\Java\jdk-11.0.2\bin\management.dll
0x00007ffc49f70000 - 0x00007ffc49f7c000 	C:\Program Files\Java\jdk-11.0.2\bin\management_ext.dll
0x00007ffc55d90000 - 0x00007ffc55da7000 	C:\Windows\SYSTEM32\CRYPTSP.dll
0x00007ffc55a20000 - 0x00007ffc55a54000 	C:\Windows\system32\rsaenh.dll
0x00007ffc55fb0000 - 0x00007ffc55fd9000 	C:\Windows\SYSTEM32\bcrypt.dll
0x00007ffc55b70000 - 0x00007ffc55b8f000 	C:\Windows\SYSTEM32\USERENV.dll
0x00007ffc55eb0000 - 0x00007ffc55ebb000 	C:\Windows\SYSTEM32\CRYPTBASE.dll
0x00007ffc51280000 - 0x00007ffc512b8000 	C:\Windows\SYSTEM32\IPHLPAPI.DLL
0x00007ffc572e0000 - 0x00007ffc572e8000 	C:\Windows\system32\NSI.dll
0x00007ffc4ffe0000 - 0x00007ffc4fff6000 	C:\Windows\SYSTEM32\dhcpcsvc6.DLL
0x00007ffc4f9e0000 - 0x00007ffc4f9fa000 	C:\Windows\SYSTEM32\dhcpcsvc.DLL

dbghelp: loaded successfully - version: 4.0.5 - missing functions: none
symbol engine: initialized successfully - sym options: 0x614 - pdb path: .;C:\Program Files\Java\jdk-11.0.2\bin;C:\Windows\SYSTEM32;C:\Windows\WinSxS\amd64_microsoft.windows.common-controls_6595b64144ccf1df_6.0.10586.0_none_8c15ae12515e1c22;C:\Program Files\Java\jdk-11.0.2\bin\server;C:\Users\M. Kharisma Ramadhan\.gradle\native\29\windows-amd64

VM Arguments:
jvm_args: --add-opens=java.base/java.util=ALL-UNNAMED --add-opens=java.base/java.lang=ALL-UNNAMED --add-opens=java.base/java.lang.invoke=ALL-UNNAMED --add-opens=java.prefs/java.util.prefs=ALL-UNNAMED -XX:MaxMetaspaceSize=256m -XX:+HeapDumpOnOutOfMemoryError -Xms256m -Xmx512m -Dfile.encoding=windows-1252 -Duser.country=US -Duser.language=en -Duser.variant 
java_command: org.gradle.launcher.daemon.bootstrap.GradleDaemon 5.4
java_class_path (initial): C:\Gradle\gradle-5.4\lib\gradle-launcher-5.4.jar
Launcher Type: SUN_STANDARD

[Global flags]
     intx CICompilerCount                          = 3                                         {product} {ergonomic}
   size_t CompressedClassSpaceSize                 = 260046848                                 {product} {ergonomic}
     uint ConcGCThreads                            = 1                                         {product} {ergonomic}
     uint G1ConcRefinementThreads                  = 4                                         {product} {ergonomic}
   size_t G1HeapRegionSize                         = 1048576                                   {product} {ergonomic}
    uintx GCDrainStackTargetSize                   = 64                                        {product} {ergonomic}
     bool HeapDumpOnOutOfMemoryError               = true                                   {manageable} {command line}
   size_t InitialHeapSize                          = 268435456                                 {product} {command line}
   size_t MarkStackSize                            = 4194304                                   {product} {ergonomic}
   size_t MaxHeapSize                              = 536870912                                 {product} {command line}
   size_t MaxMetaspaceSize                         = 268435456                                 {product} {command line}
   size_t MaxNewSize                               = 321912832                                 {product} {ergonomic}
   size_t MinHeapDeltaBytes                        = 1048576                                   {product} {ergonomic}
    uintx NonNMethodCodeHeapSize                   = 5830092                                {pd product} {ergonomic}
    uintx NonProfiledCodeHeapSize                  = 122914074                              {pd product} {ergonomic}
    uintx ProfiledCodeHeapSize                     = 122914074                              {pd product} {ergonomic}
    uintx ReservedCodeCacheSize                    = 251658240                              {pd product} {ergonomic}
     bool SegmentedCodeCache                       = true                                      {product} {ergonomic}
     bool UseCompressedClassPointers               = true                                 {lp64_product} {ergonomic}
     bool UseCompressedOops                        = true                                 {lp64_product} {ergonomic}
     bool UseG1GC                                  = true                                      {product} {ergonomic}
     bool UseLargePagesIndividualAllocation        = false                                  {pd product} {ergonomic}

Logging:
Log output configuration:
 #0: stdout all=warning uptime,level,tags
 #1: stderr all=off uptime,level,tags

Environment Variables:
JAVA_HOME=C:\Progra~1\Java\jdk1.8.0_202
PATH=C:\Program Files\Java\jdk-11.0.2\bin;C:\Program Files (x86)\Common Files\Oracle\Java\javapath;C:\WinAVR-20100110\bin;C:\WinAVR-20100110\utils\bin;C:\Program Files (x86)\Intel\iCLS Client\;C:\Program Files\Intel\iCLS Client\;C:\ProgramData\Oracle\Java\javapath;C:\Windows\system32;C:\Windows;C:\Windows\System32\Wbem;C:\Windows\System32\WindowsPowerShell\v1.0\;C:\Program Files\Intel\Intel(R) Management Engine Components\DAL;C:\Program Files\Intel\Intel(R) Management Engine Components\IPT;C:\Program Files (x86)\Intel\Intel(R) Management Engine Components\DAL;C:\Program Files (x86)\Intel\Intel(R) Management Engine Components\IPT;C:\Program Files (x86)\Windows Live\Shared;E:\MATLAB\R2016a\runtime\win64;E:\MATLAB\R2016a\bin;E:\MATLAB\R2016a\polyspace\bin;C:\Program Files (x86)\NVIDIA Corporation\PhysX\Common;C:\Program Files\PuTTY\;C:\Program Files\Git\cmd;C:\Gradle\gradle-5.4\bin;C:\Modeltech_pe_edu_10.4a\win32pe_edu;C:\Users\M. Kharisma Ramadhan\AppData\Local\GitHubDesktop\bin;C:\Progra~1\Java\jdk1.8.0_202;C:\BigData\hadoop-2.9.1;C:\BigData\hadoop-2.9.1\bin;C:\BigData\hadoop-2.9.1\sbin
USERNAME=M. Kharisma Ramadhan
OS=Windows_NT
PROCESSOR_IDENTIFIER=Intel64 Family 6 Model 69 Stepping 1, GenuineIntel



---------------  S Y S T E M  ---------------

OS: Windows 10 , 64 bit Build 10586 (10.0.10586.0)

CPU:total 4 (initial active 4) (2 cores per cpu, 2 threads per core) family 6 model 69 stepping 1, cmov, cx8, fxsr, mmx, sse, sse2, sse3, ssse3, sse4.1, sse4.2, popcnt, avx, avx2, aes, clmul, erms, lzcnt, ht, tsc, tscinvbit, bmi1, bmi2, fma

Memory: 4k page, system-wide physical 8081M (1428M free)
TotalPageFile size 9987M (AvailPageFile size 26M)
current process WorkingSet (physical memory assigned to process): 372M, peak: 451M
current process commit charge ("private bytes"): 513M, peak: 522M

vm_info: Java HotSpot(TM) 64-Bit Server VM (11.0.2+9-LTS) for windows-amd64 JRE (11.0.2+9-LTS), built on Jan 18 2019 05:24:10 by "mach5one" with MS VC++ 15.5 (VS2017)

END.
